{"meta": {"format": 3, "version": "7.13.0", "timestamp": "2025-12-13T10:54:21.592538", "branch_coverage": false, "show_contexts": false}, "files": {"__init__.py": {"executed_lines": [0], "summary": {"covered_lines": 0, "num_statements": 0, "percent_covered": 100.0, "percent_covered_display": "100", "missing_lines": 0, "excluded_lines": 0, "percent_statements_covered": 100.0, "percent_statements_covered_display": "100"}, "missing_lines": [], "excluded_lines": [], "functions": {"": {"executed_lines": [], "summary": {"covered_lines": 0, "num_statements": 0, "percent_covered": 100.0, "percent_covered_display": "100", "missing_lines": 0, "excluded_lines": 0, "percent_statements_covered": 100.0, "percent_statements_covered_display": "100"}, "missing_lines": [], "excluded_lines": []}}, "classes": {"": {"executed_lines": [], "summary": {"covered_lines": 0, "num_statements": 0, "percent_covered": 100.0, "percent_covered_display": "100", "missing_lines": 0, "excluded_lines": 0, "percent_statements_covered": 100.0, "percent_statements_covered_display": "100"}, "missing_lines": [], "excluded_lines": []}}}, "admin.py": {"executed_lines": [1, 3, 5, 12, 13, 15, 16, 17, 18, 19, 20, 22, 24, 29, 35, 36, 37, 62, 77, 83, 88, 102, 107, 113, 136, 141, 146, 154, 159, 165, 170, 172, 177, 186, 1971, 1981, 1983, 1990, 2040, 2048, 2065, 2066, 2068, 2079, 2115, 2116, 2125, 2126, 2127, 2128, 2129, 2142, 2153, 2156, 2157, 2159, 2162, 2169], "summary": {"covered_lines": 34, "num_statements": 48, "percent_covered": 70.83333333333333, "percent_covered_display": "71", "missing_lines": 14, "excluded_lines": 0, "percent_statements_covered": 70.83333333333333, "percent_statements_covered_display": "71"}, "missing_lines": [33, 63, 64, 65, 71, 89, 90, 118, 119, 123, 124, 147, 148, 152], "excluded_lines": [], "functions": {"get_all_zones_endpoint": {"executed_lines": [], "summary": {"covered_lines": 0, "num_statements": 1, "percent_covered": 0.0, "percent_covered_display": "0", "missing_lines": 1, "excluded_lines": 0, "percent_statements_covered": 0.0, "percent_statements_covered_display": "0"}, "missing_lines": [33], "excluded_lines": []}, "calc_zone_stats": {"executed_lines": [36, 37, 62], "summary": {"covered_lines": 3, "num_statements": 7, "percent_covered": 42.857142857142854, "percent_covered_display": "43", "missing_lines": 4, "excluded_lines": 0, "percent_statements_covered": 42.857142857142854, "percent_statements_covered_display": "43"}, "missing_lines": [63, 64, 65, 71], "excluded_lines": []}, "create_zone_endpoint": {"executed_lines": [88], "summary": {"covered_lines": 1, "num_statements": 3, "percent_covered": 33.333333333333336, "percent_covered_display": "33", "missing_lines": 2, "excluded_lines": 0, "percent_statements_covered": 33.333333333333336, "percent_statements_covered_display": "33"}, "missing_lines": [89, 90], "excluded_lines": []}, "update_zone_endpoint": {"executed_lines": [113], "summary": {"covered_lines": 1, "num_statements": 5, "percent_covered": 20.0, "percent_covered_display": "20", "missing_lines": 4, "excluded_lines": 0, "percent_statements_covered": 20.0, "percent_statements_covered_display": "20"}, "missing_lines": [118, 119, 123, 124], "excluded_lines": []}, "delete_zone_endpoint": {"executed_lines": [146], "summary": {"covered_lines": 1, "num_statements": 4, "percent_covered": 25.0, "percent_covered_display": "25", "missing_lines": 3, "excluded_lines": 0, "percent_statements_covered": 25.0, "percent_statements_covered_display": "25"}, "missing_lines": [147, 148, 152], "excluded_lines": []}, "close_zone_endpoint": {"executed_lines": [165, 170], "summary": {"covered_lines": 2, "num_statements": 2, "percent_covered": 100.0, "percent_covered_display": "100", "missing_lines": 0, "excluded_lines": 0, "percent_statements_covered": 100.0, "percent_statements_covered_display": "100"}, "missing_lines": [], "excluded_lines": []}, "get_global_statistics_endpoint": {"executed_lines": [186], "summary": {"covered_lines": 1, "num_statements": 1, "percent_covered": 100.0, "percent_covered_display": "100", "missing_lines": 0, "excluded_lines": 0, "percent_statements_covered": 100.0, "percent_statements_covered_display": "100"}, "missing_lines": [], "excluded_lines": []}, "": {"executed_lines": [1, 3, 5, 12, 13, 15, 16, 17, 18, 19, 20, 22, 24, 29, 35, 77, 83, 102, 107, 136, 141, 154, 159, 172, 177], "summary": {"covered_lines": 25, "num_statements": 25, "percent_covered": 100.0, "percent_covered_display": "100", "missing_lines": 0, "excluded_lines": 0, "percent_statements_covered": 100.0, "percent_statements_covered_display": "100"}, "missing_lines": [], "excluded_lines": []}}, "classes": {"": {"executed_lines": [1, 3, 5, 12, 13, 15, 16, 17, 18, 19, 20, 22, 24, 29, 35, 36, 37, 62, 77, 83, 88, 102, 107, 113, 136, 141, 146, 154, 159, 165, 170, 172, 177, 186], "summary": {"covered_lines": 34, "num_statements": 48, "percent_covered": 70.83333333333333, "percent_covered_display": "71", "missing_lines": 14, "excluded_lines": 0, "percent_statements_covered": 70.83333333333333, "percent_statements_covered_display": "71"}, "missing_lines": [33, 63, 64, 65, 71, 89, 90, 118, 119, 123, 124, 147, 148, 152], "excluded_lines": []}}}, "config.py": {"executed_lines": [2, 5, 6, 9, 11, 14], "summary": {"covered_lines": 6, "num_statements": 6, "percent_covered": 100.0, "percent_covered_display": "100", "missing_lines": 0, "excluded_lines": 0, "percent_statements_covered": 100.0, "percent_statements_covered_display": "100"}, "missing_lines": [], "excluded_lines": [], "functions": {"": {"executed_lines": [2, 5, 6, 9, 11, 14], "summary": {"covered_lines": 6, "num_statements": 6, "percent_covered": 100.0, "percent_covered_display": "100", "missing_lines": 0, "excluded_lines": 0, "percent_statements_covered": 100.0, "percent_statements_covered_display": "100"}, "missing_lines": [], "excluded_lines": []}}, "classes": {"Settings": {"executed_lines": [], "summary": {"covered_lines": 0, "num_statements": 0, "percent_covered": 100.0, "percent_covered_display": "100", "missing_lines": 0, "excluded_lines": 0, "percent_statements_covered": 100.0, "percent_statements_covered_display": "100"}, "missing_lines": [], "excluded_lines": []}, "": {"executed_lines": [2, 5, 6, 9, 11, 14], "summary": {"covered_lines": 6, "num_statements": 6, "percent_covered": 100.0, "percent_covered_display": "100", "missing_lines": 0, "excluded_lines": 0, "percent_statements_covered": 100.0, "percent_statements_covered_display": "100"}, "missing_lines": [], "excluded_lines": []}}}, "crud.py": {"executed_lines": [1, 3, 4, 6, 7, 8, 9, 11, 12, 13, 14, 15, 29, 41, 43, 45, 47, 48, 49, 50, 53, 63, 64, 66, 67, 69, 70, 76, 78, 80, 81, 91, 92, 94, 95, 96, 97, 99, 100, 102, 103, 105, 110, 111, 113, 115, 139, 140, 142, 143, 144, 145, 158, 160, 164, 174, 177, 182, 183, 184, 201, 208, 216, 217, 218, 219, 220, 222, 229, 231, 236, 237, 238, 240, 241, 244, 245, 246, 247, 248, 249, 250, 257, 258, 259, 261, 267, 270, 271, 277, 280, 289, 290, 292, 293, 296, 298, 304, 309, 312, 313, 314, 315, 316, 318, 325, 336, 338, 343, 345, 350, 351, 352, 353, 354, 355, 356, 357, 358, 364, 366, 372, 373, 374, 383, 384, 385, 387, 389, 400, 401, 402, 419, 421, 422, 423, 424, 425, 435, 436, 437, 438, 442, 444, 450, 451, 452, 461, 463, 464, 467, 469, 472, 477, 490, 499, 501, 506, 507, 509, 512, 513, 514, 518, 519, 520, 521, 523, 525, 526, 529, 531, 537, 543, 545, 547, 556, 557, 558, 559, 561, 563, 565, 566, 567, 568, 570, 571, 575, 576, 577, 578, 581, 582, 586, 587, 588, 589, 591, 600, 602, 607, 608, 610, 617, 618, 620, 621, 623, 624, 630, 631, 635, 640, 647, 648, 649, 650, 655, 656, 657, 658, 662, 669, 675, 676, 677, 682, 683, 684, 685, 686, 691, 697, 703, 714, 715, 716, 717, 718, 724, 734, 735, 736, 743, 749, 750, 751, 760, 762, 763, 766, 768, 769, 781, 785, 790, 791, 792, 793, 798, 799, 800, 801, 803, 808, 809, 811, 812, 813, 814, 815, 816, 818, 822, 823, 825, 826, 827, 829, 834, 835, 837, 838, 839, 841, 856, 857, 858, 859, 860, 861, 862, 863, 864, 865, 866, 869, 870, 878, 880, 884, 886, 890, 891, 892, 893, 894, 895, 902, 903, 904, 910, 919, 921, 924, 925, 926, 928, 931, 955, 956, 958, 959, 960, 961, 971, 973, 980, 981, 982, 983, 985, 991, 992, 993, 995, 1008, 1009, 1010, 1011, 1012, 1013, 1014, 1016, 1017, 1018, 1019, 1020, 1021, 1022, 1023, 1024, 1025, 1026, 1028, 1029, 1030, 1031, 1032, 1033, 1034, 1035, 1036, 1971, 1981, 1983, 1990], "summary": {"covered_lines": 362, "num_statements": 413, "percent_covered": 87.65133171912834, "percent_covered_display": "88", "missing_lines": 51, "excluded_lines": 0, "percent_statements_covered": 87.65133171912834, "percent_statements_covered_display": "88"}, "missing_lines": [175, 195, 239, 260, 268, 278, 299, 301, 302, 341, 348, 365, 386, 403, 404, 413, 415, 416, 439, 440, 441, 471, 474, 475, 482, 487, 488, 510, 515, 532, 534, 535, 560, 562, 564, 611, 636, 641, 651, 670, 687, 698, 719, 737, 738, 771, 772, 810, 824, 836, 994], "excluded_lines": [], "functions": {"auto_complete_expired_bookings": {"executed_lines": [41, 43, 45, 47, 48, 49, 50, 53, 63, 64, 66, 67, 69, 70], "summary": {"covered_lines": 14, "num_statements": 14, "percent_covered": 100.0, "percent_covered_display": "100", "missing_lines": 0, "excluded_lines": 0, "percent_statements_covered": 100.0, "percent_statements_covered_display": "100"}, "missing_lines": [], "excluded_lines": []}, "get_zones": {"executed_lines": [78, 80, 81, 91, 92, 94, 95, 96, 97, 99, 100, 102, 103, 105, 110, 111, 113, 115, 139, 140, 142, 143, 144, 145, 158], "summary": {"covered_lines": 25, "num_statements": 25, "percent_covered": 100.0, "percent_covered_display": "100", "missing_lines": 0, "excluded_lines": 0, "percent_statements_covered": 100.0, "percent_statements_covered_display": "100"}, "missing_lines": [], "excluded_lines": []}, "get_places_by_zone": {"executed_lines": [164, 174], "summary": {"covered_lines": 2, "num_statements": 3, "percent_covered": 66.66666666666667, "percent_covered_display": "67", "missing_lines": 1, "excluded_lines": 0, "percent_statements_covered": 66.66666666666667, "percent_statements_covered_display": "67"}, "missing_lines": [175], "excluded_lines": []}, "get_slots_by_place_and_date": {"executed_lines": [182, 183, 184], "summary": {"covered_lines": 3, "num_statements": 4, "percent_covered": 75.0, "percent_covered_display": "75", "missing_lines": 1, "excluded_lines": 0, "percent_statements_covered": 75.0, "percent_statements_covered_display": "75"}, "missing_lines": [195], "excluded_lines": []}, "check_user_booking_conflicts": {"executed_lines": [208, 216, 217, 218, 219, 220], "summary": {"covered_lines": 6, "num_statements": 6, "percent_covered": 100.0, "percent_covered_display": "100", "missing_lines": 0, "excluded_lines": 0, "percent_statements_covered": 100.0, "percent_statements_covered_display": "100"}, "missing_lines": [], "excluded_lines": []}, "create_booking": {"executed_lines": [229, 231, 236, 237, 238, 240, 241, 244, 245, 246, 247, 248, 249, 250, 257, 258, 259, 261, 267, 270, 271, 277, 280, 289, 290, 292, 293, 296, 298], "summary": {"covered_lines": 29, "num_statements": 36, "percent_covered": 80.55555555555556, "percent_covered_display": "81", "missing_lines": 7, "excluded_lines": 0, "percent_statements_covered": 80.55555555555556, "percent_statements_covered_display": "81"}, "missing_lines": [239, 260, 268, 278, 299, 301, 302], "excluded_lines": []}, "create_booking_by_time_range": {"executed_lines": [309, 312, 313, 314, 315, 316, 318, 325, 336, 338, 343, 345, 350, 351, 352, 353, 354, 355, 356, 357, 358, 364, 366, 372, 373, 374, 383, 384, 385, 387, 389, 400, 401, 402, 419, 421, 422, 423, 424, 425, 435, 436, 437, 438, 442, 444, 450, 451, 452, 461, 463, 464, 467, 469, 472], "summary": {"covered_lines": 55, "num_statements": 70, "percent_covered": 78.57142857142857, "percent_covered_display": "79", "missing_lines": 15, "excluded_lines": 0, "percent_statements_covered": 78.57142857142857, "percent_statements_covered_display": "79"}, "missing_lines": [341, 348, 365, 386, 403, 404, 413, 415, 416, 439, 440, 441, 471, 474, 475], "excluded_lines": []}, "get_booking_by_id": {"executed_lines": [], "summary": {"covered_lines": 0, "num_statements": 3, "percent_covered": 0.0, "percent_covered_display": "0", "missing_lines": 3, "excluded_lines": 0, "percent_statements_covered": 0.0, "percent_statements_covered_display": "0"}, "missing_lines": [482, 487, 488], "excluded_lines": []}, "cancel_booking": {"executed_lines": [499, 501, 506, 507, 509, 512, 513, 514, 518, 519, 520, 521, 523, 525, 526, 529, 531], "summary": {"covered_lines": 17, "num_statements": 22, "percent_covered": 77.27272727272727, "percent_covered_display": "77", "missing_lines": 5, "excluded_lines": 0, "percent_statements_covered": 77.27272727272727, "percent_statements_covered_display": "77"}, "missing_lines": [510, 515, 532, 534, 535], "excluded_lines": []}, "get_booking_history": {"executed_lines": [543, 545, 547, 556, 557, 558, 559, 561, 563, 565, 566, 567, 568], "summary": {"covered_lines": 13, "num_statements": 16, "percent_covered": 81.25, "percent_covered_display": "81", "missing_lines": 3, "excluded_lines": 0, "percent_statements_covered": 81.25, "percent_statements_covered_display": "81"}, "missing_lines": [560, 562, 564], "excluded_lines": []}, "BookingExtensionError.__init__": {"executed_lines": [576, 577, 578], "summary": {"covered_lines": 3, "num_statements": 3, "percent_covered": 100.0, "percent_covered_display": "100", "missing_lines": 0, "excluded_lines": 0, "percent_statements_covered": 100.0, "percent_statements_covered_display": "100"}, "missing_lines": [], "excluded_lines": []}, "BookingError.__init__": {"executed_lines": [587, 588, 589], "summary": {"covered_lines": 3, "num_statements": 3, "percent_covered": 100.0, "percent_covered_display": "100", "missing_lines": 0, "excluded_lines": 0, "percent_statements_covered": 100.0, "percent_statements_covered_display": "100"}, "missing_lines": [], "excluded_lines": []}, "extend_booking": {"executed_lines": [600, 602, 607, 608, 610, 617, 618, 620, 621, 623, 624, 630, 631, 635, 640, 647, 648, 649, 650, 655, 656, 657, 658, 662, 669, 675, 676, 677, 682, 683, 684, 685, 686, 691, 697, 703, 714, 715, 716, 717, 718, 724, 734, 735, 736, 743, 749, 750, 751, 760, 762, 763, 766, 768, 769], "summary": {"covered_lines": 55, "num_statements": 67, "percent_covered": 82.08955223880596, "percent_covered_display": "82", "missing_lines": 12, "excluded_lines": 0, "percent_statements_covered": 82.08955223880596, "percent_statements_covered_display": "82"}, "missing_lines": [611, 636, 641, 651, 670, 687, 698, 719, 737, 738, 771, 772], "excluded_lines": []}, "create_zone": {"executed_lines": [785, 790, 791, 792, 793, 798, 799, 800, 801], "summary": {"covered_lines": 9, "num_statements": 9, "percent_covered": 100.0, "percent_covered_display": "100", "missing_lines": 0, "excluded_lines": 0, "percent_statements_covered": 100.0, "percent_statements_covered_display": "100"}, "missing_lines": [], "excluded_lines": []}, "update_zone": {"executed_lines": [808, 809, 811, 812, 813, 814, 815, 816], "summary": {"covered_lines": 8, "num_statements": 9, "percent_covered": 88.88888888888889, "percent_covered_display": "89", "missing_lines": 1, "excluded_lines": 0, "percent_statements_covered": 88.88888888888889, "percent_statements_covered_display": "89"}, "missing_lines": [810], "excluded_lines": []}, "delete_zone": {"executed_lines": [822, 823, 825, 826, 827], "summary": {"covered_lines": 5, "num_statements": 6, "percent_covered": 83.33333333333333, "percent_covered_display": "83", "missing_lines": 1, "excluded_lines": 0, "percent_statements_covered": 83.33333333333333, "percent_statements_covered_display": "83"}, "missing_lines": [824], "excluded_lines": []}, "close_zone": {"executed_lines": [834, 835, 837, 838, 839, 841, 856, 857, 858, 859, 860, 861, 862, 863, 864, 865, 866, 869, 870, 878], "summary": {"covered_lines": 20, "num_statements": 21, "percent_covered": 95.23809523809524, "percent_covered_display": "95", "missing_lines": 1, "excluded_lines": 0, "percent_statements_covered": 95.23809523809524, "percent_statements_covered_display": "95"}, "missing_lines": [836], "excluded_lines": []}, "get_global_statistics": {"executed_lines": [884, 886, 890, 891, 892, 893, 894, 895, 902, 903, 904], "summary": {"covered_lines": 11, "num_statements": 11, "percent_covered": 100.0, "percent_covered_display": "100", "missing_lines": 0, "excluded_lines": 0, "percent_statements_covered": 100.0, "percent_statements_covered_display": "100"}, "missing_lines": [], "excluded_lines": []}, "get_zones_statistics": {"executed_lines": [919, 921, 924, 925, 926, 928, 931, 955, 956, 958, 959, 960, 961, 971], "summary": {"covered_lines": 14, "num_statements": 14, "percent_covered": 100.0, "percent_covered_display": "100", "missing_lines": 0, "excluded_lines": 0, "percent_statements_covered": 100.0, "percent_statements_covered_display": "100"}, "missing_lines": [], "excluded_lines": []}, "check_zone_capacity": {"executed_lines": [980, 981, 982, 983, 985, 991, 992, 993, 995, 1008, 1009, 1010, 1011, 1012, 1013, 1014, 1016, 1017, 1018, 1019, 1020, 1021, 1022, 1023, 1024, 1025, 1026, 1028, 1029, 1030, 1031, 1032, 1033, 1034, 1035, 1036], "summary": {"covered_lines": 36, "num_statements": 37, "percent_covered": 97.29729729729729, "percent_covered_display": "97", "missing_lines": 1, "excluded_lines": 0, "percent_statements_covered": 97.29729729729729, "percent_statements_covered_display": "97"}, "missing_lines": [994], "excluded_lines": []}, "": {"executed_lines": [1, 3, 4, 6, 7, 8, 9, 11, 12, 13, 14, 15, 29, 76, 160, 177, 201, 222, 304, 477, 490, 537, 570, 571, 575, 581, 582, 586, 591, 781, 803, 818, 829, 880, 910, 973], "summary": {"covered_lines": 34, "num_statements": 34, "percent_covered": 100.0, "percent_covered_display": "100", "missing_lines": 0, "excluded_lines": 0, "percent_statements_covered": 100.0, "percent_statements_covered_display": "100"}, "missing_lines": [], "excluded_lines": []}}, "classes": {"BookingExtensionError": {"executed_lines": [576, 577, 578], "summary": {"covered_lines": 3, "num_statements": 3, "percent_covered": 100.0, "percent_covered_display": "100", "missing_lines": 0, "excluded_lines": 0, "percent_statements_covered": 100.0, "percent_statements_covered_display": "100"}, "missing_lines": [], "excluded_lines": []}, "BookingError": {"executed_lines": [587, 588, 589], "summary": {"covered_lines": 3, "num_statements": 3, "percent_covered": 100.0, "percent_covered_display": "100", "missing_lines": 0, "excluded_lines": 0, "percent_statements_covered": 100.0, "percent_statements_covered_display": "100"}, "missing_lines": [], "excluded_lines": []}, "": {"executed_lines": [1, 3, 4, 6, 7, 8, 9, 11, 12, 13, 14, 15, 29, 41, 43, 45, 47, 48, 49, 50, 53, 63, 64, 66, 67, 69, 70, 76, 78, 80, 81, 91, 92, 94, 95, 96, 97, 99, 100, 102, 103, 105, 110, 111, 113, 115, 139, 140, 142, 143, 144, 145, 158, 160, 164, 174, 177, 182, 183, 184, 201, 208, 216, 217, 218, 219, 220, 222, 229, 231, 236, 237, 238, 240, 241, 244, 245, 246, 247, 248, 249, 250, 257, 258, 259, 261, 267, 270, 271, 277, 280, 289, 290, 292, 293, 296, 298, 304, 309, 312, 313, 314, 315, 316, 318, 325, 336, 338, 343, 345, 350, 351, 352, 353, 354, 355, 356, 357, 358, 364, 366, 372, 373, 374, 383, 384, 385, 387, 389, 400, 401, 402, 419, 421, 422, 423, 424, 425, 435, 436, 437, 438, 442, 444, 450, 451, 452, 461, 463, 464, 467, 469, 472, 477, 490, 499, 501, 506, 507, 509, 512, 513, 514, 518, 519, 520, 521, 523, 525, 526, 529, 531, 537, 543, 545, 547, 556, 557, 558, 559, 561, 563, 565, 566, 567, 568, 570, 571, 575, 581, 582, 586, 591, 600, 602, 607, 608, 610, 617, 618, 620, 621, 623, 624, 630, 631, 635, 640, 647, 648, 649, 650, 655, 656, 657, 658, 662, 669, 675, 676, 677, 682, 683, 684, 685, 686, 691, 697, 703, 714, 715, 716, 717, 718, 724, 734, 735, 736, 743, 749, 750, 751, 760, 762, 763, 766, 768, 769, 781, 785, 790, 791, 792, 793, 798, 799, 800, 801, 803, 808, 809, 811, 812, 813, 814, 815, 816, 818, 822, 823, 825, 826, 827, 829, 834, 835, 837, 838, 839, 841, 856, 857, 858, 859, 860, 861, 862, 863, 864, 865, 866, 869, 870, 878, 880, 884, 886, 890, 891, 892, 893, 894, 895, 902, 903, 904, 910, 919, 921, 924, 925, 926, 928, 931, 955, 956, 958, 959, 960, 961, 971, 973, 980, 981, 982, 983, 985, 991, 992, 993, 995, 1008, 1009, 1010, 1011, 1012, 1013, 1014, 1016, 1017, 1018, 1019, 1020, 1021, 1022, 1023, 1024, 1025, 1026, 1028, 1029, 1030, 1031, 1032, 1033, 1034, 1035, 1036], "summary": {"covered_lines": 356, "num_statements": 407, "percent_covered": 87.46928746928747, "percent_covered_display": "87", "missing_lines": 51, "excluded_lines": 0, "percent_statements_covered": 87.46928746928747, "percent_statements_covered_display": "87"}, "missing_lines": [175, 195, 239, 260, 268, 278, 299, 301, 302, 341, 348, 365, 386, 403, 404, 413, 415, 416, 439, 440, 441, 471, 474, 475, 482, 487, 488, 510, 515, 532, 534, 535, 560, 562, 564, 611, 636, 641, 651, 670, 687, 698, 719, 737, 738, 771, 772, 810, 824, 836, 994], "excluded_lines": []}}}, "db.py": {"executed_lines": [2, 4, 6, 8, 14, 21], "summary": {"covered_lines": 6, "num_statements": 8, "percent_covered": 75.0, "percent_covered_display": "75", "missing_lines": 2, "excluded_lines": 0, "percent_statements_covered": 75.0, "percent_statements_covered_display": "75"}, "missing_lines": [22, 23], "excluded_lines": [], "functions": {"get_session": {"executed_lines": [], "summary": {"covered_lines": 0, "num_statements": 2, "percent_covered": 0.0, "percent_covered_display": "0", "missing_lines": 2, "excluded_lines": 0, "percent_statements_covered": 0.0, "percent_statements_covered_display": "0"}, "missing_lines": [22, 23], "excluded_lines": []}, "": {"executed_lines": [2, 4, 6, 8, 14, 21], "summary": {"covered_lines": 6, "num_statements": 6, "percent_covered": 100.0, "percent_covered_display": "100", "missing_lines": 0, "excluded_lines": 0, "percent_statements_covered": 100.0, "percent_statements_covered_display": "100"}, "missing_lines": [], "excluded_lines": []}}, "classes": {"": {"executed_lines": [2, 4, 6, 8, 14, 21], "summary": {"covered_lines": 6, "num_statements": 8, "percent_covered": 75.0, "percent_covered_display": "75", "missing_lines": 2, "excluded_lines": 0, "percent_statements_covered": 75.0, "percent_statements_covered_display": "75"}, "missing_lines": [22, 23], "excluded_lines": []}}}, "main.py": {"executed_lines": [2, 3, 4, 6, 7, 9, 10, 13, 14, 26, 35, 44, 45, 46, 49, 50], "summary": {"covered_lines": 16, "num_statements": 19, "percent_covered": 84.21052631578948, "percent_covered_display": "84", "missing_lines": 3, "excluded_lines": 0, "percent_statements_covered": 84.21052631578948, "percent_statements_covered_display": "84"}, "missing_lines": [20, 21, 23], "excluded_lines": [], "functions": {"lifespan": {"executed_lines": [], "summary": {"covered_lines": 0, "num_statements": 3, "percent_covered": 0.0, "percent_covered_display": "0", "missing_lines": 3, "excluded_lines": 0, "percent_statements_covered": 0.0, "percent_statements_covered_display": "0"}, "missing_lines": [20, 21, 23], "excluded_lines": []}, "root": {"executed_lines": [46], "summary": {"covered_lines": 1, "num_statements": 1, "percent_covered": 100.0, "percent_covered_display": "100", "missing_lines": 0, "excluded_lines": 0, "percent_statements_covered": 100.0, "percent_statements_covered_display": "100"}, "missing_lines": [], "excluded_lines": []}, "": {"executed_lines": [2, 3, 4, 6, 7, 9, 10, 13, 14, 26, 35, 44, 45, 49, 50], "summary": {"covered_lines": 15, "num_statements": 15, "percent_covered": 100.0, "percent_covered_display": "100", "missing_lines": 0, "excluded_lines": 0, "percent_statements_covered": 100.0, "percent_statements_covered_display": "100"}, "missing_lines": [], "excluded_lines": []}}, "classes": {"": {"executed_lines": [2, 3, 4, 6, 7, 9, 10, 13, 14, 26, 35, 44, 45, 46, 49, 50], "summary": {"covered_lines": 16, "num_statements": 19, "percent_covered": 84.21052631578948, "percent_covered_display": "84", "missing_lines": 3, "excluded_lines": 0, "percent_statements_covered": 84.21052631578948, "percent_statements_covered_display": "84"}, "missing_lines": [20, 21, 23], "excluded_lines": []}}}, "models.py": {"executed_lines": [1, 2, 14, 17, 19, 22, 23, 25, 26, 27, 28, 30, 31, 33, 34, 41, 43, 47, 48, 50, 51, 57, 58, 59, 60, 67, 68, 70, 74, 75, 76, 86, 87, 93, 94, 95, 97, 98, 100, 107, 108, 110, 111, 112, 118, 119, 120, 121, 122, 128, 129, 130, 137, 139], "summary": {"covered_lines": 54, "num_statements": 58, "percent_covered": 93.10344827586206, "percent_covered_display": "93", "missing_lines": 4, "excluded_lines": 0, "percent_statements_covered": 93.10344827586206, "percent_statements_covered_display": "93"}, "missing_lines": [44, 71, 101, 140], "excluded_lines": [], "functions": {"Zone.__repr__": {"executed_lines": [], "summary": {"covered_lines": 0, "num_statements": 1, "percent_covered": 0.0, "percent_covered_display": "0", "missing_lines": 1, "excluded_lines": 0, "percent_statements_covered": 0.0, "percent_statements_covered_display": "0"}, "missing_lines": [44], "excluded_lines": []}, "Place.__repr__": {"executed_lines": [], "summary": {"covered_lines": 0, "num_statements": 1, "percent_covered": 0.0, "percent_covered_display": "0", "missing_lines": 1, "excluded_lines": 0, "percent_statements_covered": 0.0, "percent_statements_covered_display": "0"}, "missing_lines": [71], "excluded_lines": []}, "Slot.__repr__": {"executed_lines": [], "summary": {"covered_lines": 0, "num_statements": 1, "percent_covered": 0.0, "percent_covered_display": "0", "missing_lines": 1, "excluded_lines": 0, "percent_statements_covered": 0.0, "percent_statements_covered_display": "0"}, "missing_lines": [101], "excluded_lines": []}, "Booking.__repr__": {"executed_lines": [], "summary": {"covered_lines": 0, "num_statements": 1, "percent_covered": 0.0, "percent_covered_display": "0", "missing_lines": 1, "excluded_lines": 0, "percent_statements_covered": 0.0, "percent_statements_covered_display": "0"}, "missing_lines": [140], "excluded_lines": []}, "": {"executed_lines": [1, 2, 14, 17, 19, 22, 23, 25, 26, 27, 28, 30, 31, 33, 34, 41, 43, 47, 48, 50, 51, 57, 58, 59, 60, 67, 68, 70, 74, 75, 76, 86, 87, 93, 94, 95, 97, 98, 100, 107, 108, 110, 111, 112, 118, 119, 120, 121, 122, 128, 129, 130, 137, 139], "summary": {"covered_lines": 54, "num_statements": 54, "percent_covered": 100.0, "percent_covered_display": "100", "missing_lines": 0, "excluded_lines": 0, "percent_statements_covered": 100.0, "percent_statements_covered_display": "100"}, "missing_lines": [], "excluded_lines": []}}, "classes": {"Zone": {"executed_lines": [], "summary": {"covered_lines": 0, "num_statements": 1, "percent_covered": 0.0, "percent_covered_display": "0", "missing_lines": 1, "excluded_lines": 0, "percent_statements_covered": 0.0, "percent_statements_covered_display": "0"}, "missing_lines": [44], "excluded_lines": []}, "Place": {"executed_lines": [], "summary": {"covered_lines": 0, "num_statements": 1, "percent_covered": 0.0, "percent_covered_display": "0", "missing_lines": 1, "excluded_lines": 0, "percent_statements_covered": 0.0, "percent_statements_covered_display": "0"}, "missing_lines": [71], "excluded_lines": []}, "Slot": {"executed_lines": [], "summary": {"covered_lines": 0, "num_statements": 1, "percent_covered": 0.0, "percent_covered_display": "0", "missing_lines": 1, "excluded_lines": 0, "percent_statements_covered": 0.0, "percent_statements_covered_display": "0"}, "missing_lines": [101], "excluded_lines": []}, "Booking": {"executed_lines": [], "summary": {"covered_lines": 0, "num_statements": 1, "percent_covered": 0.0, "percent_covered_display": "0", "missing_lines": 1, "excluded_lines": 0, "percent_statements_covered": 0.0, "percent_statements_covered_display": "0"}, "missing_lines": [140], "excluded_lines": []}, "": {"executed_lines": [1, 2, 14, 17, 19, 22, 23, 25, 26, 27, 28, 30, 31, 33, 34, 41, 43, 47, 48, 50, 51, 57, 58, 59, 60, 67, 68, 70, 74, 75, 76, 86, 87, 93, 94, 95, 97, 98, 100, 107, 108, 110, 111, 112, 118, 119, 120, 121, 122, 128, 129, 130, 137, 139], "summary": {"covered_lines": 54, "num_statements": 54, "percent_covered": 100.0, "percent_covered_display": "100", "missing_lines": 0, "excluded_lines": 0, "percent_statements_covered": 100.0, "percent_statements_covered_display": "100"}, "missing_lines": [], "excluded_lines": []}}}, "notifications.py": {"executed_lines": [1, 2, 4, 5, 7, 9, 10, 11, 15, 16, 17, 19, 35, 37, 38, 39, 48, 50, 52, 54, 55, 56, 63, 72, 74, 75, 76, 83, 92, 94, 95, 96, 103, 112, 114, 115, 116, 125], "summary": {"covered_lines": 38, "num_statements": 58, "percent_covered": 65.51724137931035, "percent_covered_display": "66", "missing_lines": 20, "excluded_lines": 0, "percent_statements_covered": 65.51724137931035, "percent_statements_covered_display": "66"}, "missing_lines": [12, 13, 14, 21, 22, 23, 31, 33, 57, 69, 70, 77, 89, 90, 97, 109, 110, 117, 131, 132], "excluded_lines": [], "functions": {"get_user_email": {"executed_lines": [9, 10, 11, 15, 16, 17], "summary": {"covered_lines": 6, "num_statements": 9, "percent_covered": 66.66666666666667, "percent_covered_display": "67", "missing_lines": 3, "excluded_lines": 0, "percent_statements_covered": 66.66666666666667, "percent_statements_covered_display": "67"}, "missing_lines": [12, 13, 14], "excluded_lines": []}, "send_email_notification": {"executed_lines": [], "summary": {"covered_lines": 0, "num_statements": 5, "percent_covered": 0.0, "percent_covered_display": "0", "missing_lines": 5, "excluded_lines": 0, "percent_statements_covered": 0.0, "percent_statements_covered_display": "0"}, "missing_lines": [21, 22, 23, 31, 33], "excluded_lines": []}, "send_push_notification": {"executed_lines": [37, 38, 39, 48, 50], "summary": {"covered_lines": 5, "num_statements": 5, "percent_covered": 100.0, "percent_covered_display": "100", "missing_lines": 0, "excluded_lines": 0, "percent_statements_covered": 100.0, "percent_statements_covered_display": "100"}, "missing_lines": [], "excluded_lines": []}, "notify_booking_created": {"executed_lines": [54, 55, 56, 63], "summary": {"covered_lines": 4, "num_statements": 7, "percent_covered": 57.142857142857146, "percent_covered_display": "57", "missing_lines": 3, "excluded_lines": 0, "percent_statements_covered": 57.142857142857146, "percent_statements_covered_display": "57"}, "missing_lines": [57, 69, 70], "excluded_lines": []}, "notify_booking_cancelled": {"executed_lines": [74, 75, 76, 83], "summary": {"covered_lines": 4, "num_statements": 7, "percent_covered": 57.142857142857146, "percent_covered_display": "57", "missing_lines": 3, "excluded_lines": 0, "percent_statements_covered": 57.142857142857146, "percent_statements_covered_display": "57"}, "missing_lines": [77, 89, 90], "excluded_lines": []}, "notify_booking_extended": {"executed_lines": [94, 95, 96, 103], "summary": {"covered_lines": 4, "num_statements": 7, "percent_covered": 57.142857142857146, "percent_covered_display": "57", "missing_lines": 3, "excluded_lines": 0, "percent_statements_covered": 57.142857142857146, "percent_statements_covered_display": "57"}, "missing_lines": [97, 109, 110], "excluded_lines": []}, "notify_zone_closed": {"executed_lines": [114, 115, 116, 125], "summary": {"covered_lines": 4, "num_statements": 7, "percent_covered": 57.142857142857146, "percent_covered_display": "57", "missing_lines": 3, "excluded_lines": 0, "percent_statements_covered": 57.142857142857146, "percent_statements_covered_display": "57"}, "missing_lines": [117, 131, 132], "excluded_lines": []}, "": {"executed_lines": [1, 2, 4, 5, 7, 19, 35, 52, 72, 92, 112], "summary": {"covered_lines": 11, "num_statements": 11, "percent_covered": 100.0, "percent_covered_display": "100", "missing_lines": 0, "excluded_lines": 0, "percent_statements_covered": 100.0, "percent_statements_covered_display": "100"}, "missing_lines": [], "excluded_lines": []}}, "classes": {"": {"executed_lines": [1, 2, 4, 5, 7, 9, 10, 11, 15, 16, 17, 19, 35, 37, 38, 39, 48, 50, 52, 54, 55, 56, 63, 72, 74, 75, 76, 83, 92, 94, 95, 96, 103, 112, 114, 115, 116, 125], "summary": {"covered_lines": 38, "num_statements": 58, "percent_covered": 65.51724137931035, "percent_covered_display": "66", "missing_lines": 20, "excluded_lines": 0, "percent_statements_covered": 65.51724137931035, "percent_statements_covered_display": "66"}, "missing_lines": [12, 13, 14, 21, 22, 23, 31, 33, 57, 69, 70, 77, 89, 90, 97, 109, 110, 117, 131, 132], "excluded_lines": []}}}, "routes.py": {"executed_lines": [1, 3, 4, 6, 8, 16, 18, 19, 20, 21, 23, 26, 31, 35, 38, 43, 47, 50, 55, 60, 63, 69, 74, 75, 80, 83, 89, 94, 95, 96, 97, 99, 105, 110, 115, 118, 120, 123, 128, 136, 147, 150, 155, 161, 162, 169, 1971, 1981, 1983, 1990], "summary": {"covered_lines": 46, "num_statements": 50, "percent_covered": 92.0, "percent_covered_display": "92", "missing_lines": 4, "excluded_lines": 0, "percent_statements_covered": 92.0, "percent_statements_covered_display": "92"}, "missing_lines": [76, 119, 170, 172], "excluded_lines": [], "functions": {"list_zones": {"executed_lines": [35], "summary": {"covered_lines": 1, "num_statements": 1, "percent_covered": 100.0, "percent_covered_display": "100", "missing_lines": 0, "excluded_lines": 0, "percent_statements_covered": 100.0, "percent_statements_covered_display": "100"}, "missing_lines": [], "excluded_lines": []}, "list_places_in_zone": {"executed_lines": [47], "summary": {"covered_lines": 1, "num_statements": 1, "percent_covered": 100.0, "percent_covered_display": "100", "missing_lines": 0, "excluded_lines": 0, "percent_statements_covered": 100.0, "percent_statements_covered_display": "100"}, "missing_lines": [], "excluded_lines": []}, "list_slots": {"executed_lines": [60], "summary": {"covered_lines": 1, "num_statements": 1, "percent_covered": 100.0, "percent_covered_display": "100", "missing_lines": 0, "excluded_lines": 0, "percent_statements_covered": 100.0, "percent_statements_covered_display": "100"}, "missing_lines": [], "excluded_lines": []}, "create_booking": {"executed_lines": [74, 75, 80], "summary": {"covered_lines": 3, "num_statements": 4, "percent_covered": 75.0, "percent_covered_display": "75", "missing_lines": 1, "excluded_lines": 0, "percent_statements_covered": 75.0, "percent_statements_covered_display": "75"}, "missing_lines": [76], "excluded_lines": []}, "create_booking_by_time": {"executed_lines": [94, 95, 96, 97, 99], "summary": {"covered_lines": 5, "num_statements": 5, "percent_covered": 100.0, "percent_covered_display": "100", "missing_lines": 0, "excluded_lines": 0, "percent_statements_covered": 100.0, "percent_statements_covered_display": "100"}, "missing_lines": [], "excluded_lines": []}, "cancel_booking": {"executed_lines": [115, 118, 120], "summary": {"covered_lines": 3, "num_statements": 4, "percent_covered": 75.0, "percent_covered_display": "75", "missing_lines": 1, "excluded_lines": 0, "percent_statements_covered": 75.0, "percent_statements_covered_display": "75"}, "missing_lines": [119], "excluded_lines": []}, "booking_history": {"executed_lines": [136, 147], "summary": {"covered_lines": 2, "num_statements": 2, "percent_covered": 100.0, "percent_covered_display": "100", "missing_lines": 0, "excluded_lines": 0, "percent_statements_covered": 100.0, "percent_statements_covered_display": "100"}, "missing_lines": [], "excluded_lines": []}, "extend_booking": {"executed_lines": [161, 162, 169], "summary": {"covered_lines": 3, "num_statements": 5, "percent_covered": 60.0, "percent_covered_display": "60", "missing_lines": 2, "excluded_lines": 0, "percent_statements_covered": 60.0, "percent_statements_covered_display": "60"}, "missing_lines": [170, 172], "excluded_lines": []}, "": {"executed_lines": [1, 3, 4, 6, 8, 16, 18, 19, 20, 21, 23, 26, 31, 38, 43, 50, 55, 63, 69, 83, 89, 105, 110, 123, 128, 150, 155], "summary": {"covered_lines": 27, "num_statements": 27, "percent_covered": 100.0, "percent_covered_display": "100", "missing_lines": 0, "excluded_lines": 0, "percent_statements_covered": 100.0, "percent_statements_covered_display": "100"}, "missing_lines": [], "excluded_lines": []}}, "classes": {"": {"executed_lines": [1, 3, 4, 6, 8, 16, 18, 19, 20, 21, 23, 26, 31, 35, 38, 43, 47, 50, 55, 60, 63, 69, 74, 75, 80, 83, 89, 94, 95, 96, 97, 99, 105, 110, 115, 118, 120, 123, 128, 136, 147, 150, 155, 161, 162, 169], "summary": {"covered_lines": 46, "num_statements": 50, "percent_covered": 92.0, "percent_covered_display": "92", "missing_lines": 4, "excluded_lines": 0, "percent_statements_covered": 92.0, "percent_statements_covered_display": "92"}, "missing_lines": [76, 119, 170, 172], "excluded_lines": []}}}, "schemas.py": {"executed_lines": [1, 2, 4, 10, 11, 18, 19, 20, 21, 24, 25, 28, 29, 30, 31, 34, 35, 36, 37, 38, 39, 40, 41, 42, 45, 46, 47, 54, 55, 56, 57, 58, 59, 60, 67, 68, 69, 70, 71, 72, 81, 82, 88, 91, 92, 95, 96, 97, 98, 99, 100, 102, 103, 112, 113, 116, 117, 121, 124, 125, 126, 127, 128, 133, 134, 135, 136, 137, 138, 139, 140, 141, 142, 143, 144, 151, 152, 153, 154, 157, 158, 162, 163, 166, 167, 168, 169, 170, 171, 172, 173, 174, 175, 178, 179, 180, 181, 182], "summary": {"covered_lines": 92, "num_statements": 98, "percent_covered": 93.87755102040816, "percent_covered_display": "94", "missing_lines": 6, "excluded_lines": 0, "percent_statements_covered": 93.87755102040816, "percent_statements_covered_display": "94"}, "missing_lines": [105, 106, 107, 108, 109, 110], "excluded_lines": [], "functions": {"BookingCreateTimeRange.model_validate": {"executed_lines": [], "summary": {"covered_lines": 0, "num_statements": 6, "percent_covered": 0.0, "percent_covered_display": "0", "missing_lines": 6, "excluded_lines": 0, "percent_statements_covered": 0.0, "percent_statements_covered_display": "0"}, "missing_lines": [105, 106, 107, 108, 109, 110], "excluded_lines": []}, "": {"executed_lines": [1, 2, 4, 10, 11, 18, 19, 20, 21, 24, 25, 28, 29, 30, 31, 34, 35, 36, 37, 38, 39, 40, 41, 42, 45, 46, 47, 54, 55, 56, 57, 58, 59, 60, 67, 68, 69, 70, 71, 72, 81, 82, 88, 91, 92, 95, 96, 97, 98, 99, 100, 102, 103, 112, 113, 116, 117, 121, 124, 125, 126, 127, 128, 133, 134, 135, 136, 137, 138, 139, 140, 141, 142, 143, 144, 151, 152, 153, 154, 157, 158, 162, 163, 166, 167, 168, 169, 170, 171, 172, 173, 174, 175, 178, 179, 180, 181, 182], "summary": {"covered_lines": 92, "num_statements": 92, "percent_covered": 100.0, "percent_covered_display": "100", "missing_lines": 0, "excluded_lines": 0, "percent_statements_covered": 100.0, "percent_statements_covered_display": "100"}, "missing_lines": [], "excluded_lines": []}}, "classes": {"ORMBase": {"executed_lines": [], "summary": {"covered_lines": 0, "num_statements": 0, "percent_covered": 100.0, "percent_covered_display": "100", "missing_lines": 0, "excluded_lines": 0, "percent_statements_covered": 100.0, "percent_statements_covered_display": "100"}, "missing_lines": [], "excluded_lines": []}, "ZoneBase": {"executed_lines": [], "summary": {"covered_lines": 0, "num_statements": 0, "percent_covered": 100.0, "percent_covered_display": "100", "missing_lines": 0, "excluded_lines": 0, "percent_statements_covered": 100.0, "percent_statements_covered_display": "100"}, "missing_lines": [], "excluded_lines": []}, "ZoneCreate": {"executed_lines": [], "summary": {"covered_lines": 0, "num_statements": 0, "percent_covered": 100.0, "percent_covered_display": "100", "missing_lines": 0, "excluded_lines": 0, "percent_statements_covered": 100.0, "percent_statements_covered_display": "100"}, "missing_lines": [], "excluded_lines": []}, "ZoneUpdate": {"executed_lines": [], "summary": {"covered_lines": 0, "num_statements": 0, "percent_covered": 100.0, "percent_covered_display": "100", "missing_lines": 0, "excluded_lines": 0, "percent_statements_covered": 100.0, "percent_statements_covered_display": "100"}, "missing_lines": [], "excluded_lines": []}, "ZoneOut": {"executed_lines": [], "summary": {"covered_lines": 0, "num_statements": 0, "percent_covered": 100.0, "percent_covered_display": "100", "missing_lines": 0, "excluded_lines": 0, "percent_statements_covered": 100.0, "percent_statements_covered_display": "100"}, "missing_lines": [], "excluded_lines": []}, "PlaceOut": {"executed_lines": [], "summary": {"covered_lines": 0, "num_statements": 0, "percent_covered": 100.0, "percent_covered_display": "100", "missing_lines": 0, "excluded_lines": 0, "percent_statements_covered": 100.0, "percent_statements_covered_display": "100"}, "missing_lines": [], "excluded_lines": []}, "SlotOut": {"executed_lines": [], "summary": {"covered_lines": 0, "num_statements": 0, "percent_covered": 100.0, "percent_covered_display": "100", "missing_lines": 0, "excluded_lines": 0, "percent_statements_covered": 100.0, "percent_statements_covered_display": "100"}, "missing_lines": [], "excluded_lines": []}, "BookingCreate": {"executed_lines": [], "summary": {"covered_lines": 0, "num_statements": 0, "percent_covered": 100.0, "percent_covered_display": "100", "missing_lines": 0, "excluded_lines": 0, "percent_statements_covered": 100.0, "percent_statements_covered_display": "100"}, "missing_lines": [], "excluded_lines": []}, "BookingCreateTimeRange": {"executed_lines": [], "summary": {"covered_lines": 0, "num_statements": 6, "percent_covered": 0.0, "percent_covered_display": "0", "missing_lines": 6, "excluded_lines": 0, "percent_statements_covered": 0.0, "percent_statements_covered_display": "0"}, "missing_lines": [105, 106, 107, 108, 109, 110], "excluded_lines": []}, "BookingCancelRequest": {"executed_lines": [], "summary": {"covered_lines": 0, "num_statements": 0, "percent_covered": 100.0, "percent_covered_display": "100", "missing_lines": 0, "excluded_lines": 0, "percent_statements_covered": 100.0, "percent_statements_covered_display": "100"}, "missing_lines": [], "excluded_lines": []}, "BookingExtendRequest": {"executed_lines": [], "summary": {"covered_lines": 0, "num_statements": 0, "percent_covered": 100.0, "percent_covered_display": "100", "missing_lines": 0, "excluded_lines": 0, "percent_statements_covered": 100.0, "percent_statements_covered_display": "100"}, "missing_lines": [], "excluded_lines": []}, "BookingHistoryFilters": {"executed_lines": [], "summary": {"covered_lines": 0, "num_statements": 0, "percent_covered": 100.0, "percent_covered_display": "100", "missing_lines": 0, "excluded_lines": 0, "percent_statements_covered": 100.0, "percent_statements_covered_display": "100"}, "missing_lines": [], "excluded_lines": []}, "BookingOut": {"executed_lines": [], "summary": {"covered_lines": 0, "num_statements": 0, "percent_covered": 100.0, "percent_covered_display": "100", "missing_lines": 0, "excluded_lines": 0, "percent_statements_covered": 100.0, "percent_statements_covered_display": "100"}, "missing_lines": [], "excluded_lines": []}, "ZoneCloseRequest": {"executed_lines": [], "summary": {"covered_lines": 0, "num_statements": 0, "percent_covered": 100.0, "percent_covered_display": "100", "missing_lines": 0, "excluded_lines": 0, "percent_statements_covered": 100.0, "percent_statements_covered_display": "100"}, "missing_lines": [], "excluded_lines": []}, "BookingExtendTimeRequest": {"executed_lines": [], "summary": {"covered_lines": 0, "num_statements": 0, "percent_covered": 100.0, "percent_covered_display": "100", "missing_lines": 0, "excluded_lines": 0, "percent_statements_covered": 100.0, "percent_statements_covered_display": "100"}, "missing_lines": [], "excluded_lines": []}, "ZoneStatistics": {"executed_lines": [], "summary": {"covered_lines": 0, "num_statements": 0, "percent_covered": 100.0, "percent_covered_display": "100", "missing_lines": 0, "excluded_lines": 0, "percent_statements_covered": 100.0, "percent_statements_covered_display": "100"}, "missing_lines": [], "excluded_lines": []}, "GlobalStatistics": {"executed_lines": [], "summary": {"covered_lines": 0, "num_statements": 0, "percent_covered": 100.0, "percent_covered_display": "100", "missing_lines": 0, "excluded_lines": 0, "percent_statements_covered": 100.0, "percent_statements_covered_display": "100"}, "missing_lines": [], "excluded_lines": []}, "": {"executed_lines": [1, 2, 4, 10, 11, 18, 19, 20, 21, 24, 25, 28, 29, 30, 31, 34, 35, 36, 37, 38, 39, 40, 41, 42, 45, 46, 47, 54, 55, 56, 57, 58, 59, 60, 67, 68, 69, 70, 71, 72, 81, 82, 88, 91, 92, 95, 96, 97, 98, 99, 100, 102, 103, 112, 113, 116, 117, 121, 124, 125, 126, 127, 128, 133, 134, 135, 136, 137, 138, 139, 140, 141, 142, 143, 144, 151, 152, 153, 154, 157, 158, 162, 163, 166, 167, 168, 169, 170, 171, 172, 173, 174, 175, 178, 179, 180, 181, 182], "summary": {"covered_lines": 92, "num_statements": 92, "percent_covered": 100.0, "percent_covered_display": "100", "missing_lines": 0, "excluded_lines": 0, "percent_statements_covered": 100.0, "percent_statements_covered_display": "100"}, "missing_lines": [], "excluded_lines": []}}}, "security.py": {"executed_lines": [3, 5, 7, 8, 11, 12, 13, 16, 31, 38, 40, 47, 50, 57, 60, 67, 68, 73], "summary": {"covered_lines": 18, "num_statements": 20, "percent_covered": 90.0, "percent_covered_display": "90", "missing_lines": 2, "excluded_lines": 0, "percent_statements_covered": 90.0, "percent_statements_covered_display": "90"}, "missing_lines": [33, 42], "excluded_lines": [], "functions": {"get_current_user": {"executed_lines": [31, 38, 40, 47], "summary": {"covered_lines": 4, "num_statements": 6, "percent_covered": 66.66666666666667, "percent_covered_display": "67", "missing_lines": 2, "excluded_lines": 0, "percent_statements_covered": 66.66666666666667, "percent_statements_covered_display": "67"}, "missing_lines": [33, 42], "excluded_lines": []}, "get_current_user_id": {"executed_lines": [57], "summary": {"covered_lines": 1, "num_statements": 1, "percent_covered": 100.0, "percent_covered_display": "100", "missing_lines": 0, "excluded_lines": 0, "percent_statements_covered": 100.0, "percent_statements_covered_display": "100"}, "missing_lines": [], "excluded_lines": []}, "require_admin": {"executed_lines": [67, 68, 73], "summary": {"covered_lines": 3, "num_statements": 3, "percent_covered": 100.0, "percent_covered_display": "100", "missing_lines": 0, "excluded_lines": 0, "percent_statements_covered": 100.0, "percent_statements_covered_display": "100"}, "missing_lines": [], "excluded_lines": []}, "": {"executed_lines": [3, 5, 7, 8, 11, 12, 13, 16, 50, 60], "summary": {"covered_lines": 10, "num_statements": 10, "percent_covered": 100.0, "percent_covered_display": "100", "missing_lines": 0, "excluded_lines": 0, "percent_statements_covered": 100.0, "percent_statements_covered_display": "100"}, "missing_lines": [], "excluded_lines": []}}, "classes": {"CurrentUser": {"executed_lines": [], "summary": {"covered_lines": 0, "num_statements": 0, "percent_covered": 100.0, "percent_covered_display": "100", "missing_lines": 0, "excluded_lines": 0, "percent_statements_covered": 100.0, "percent_statements_covered_display": "100"}, "missing_lines": [], "excluded_lines": []}, "": {"executed_lines": [3, 5, 7, 8, 11, 12, 13, 16, 31, 38, 40, 47, 50, 57, 60, 67, 68, 73], "summary": {"covered_lines": 18, "num_statements": 20, "percent_covered": 90.0, "percent_covered_display": "90", "missing_lines": 2, "excluded_lines": 0, "percent_statements_covered": 90.0, "percent_statements_covered_display": "90"}, "missing_lines": [33, 42], "excluded_lines": []}}}, "tests/__init__.py": {"executed_lines": [0], "summary": {"covered_lines": 0, "num_statements": 0, "percent_covered": 100.0, "percent_covered_display": "100", "missing_lines": 0, "excluded_lines": 0, "percent_statements_covered": 100.0, "percent_statements_covered_display": "100"}, "missing_lines": [], "excluded_lines": [], "functions": {"": {"executed_lines": [], "summary": {"covered_lines": 0, "num_statements": 0, "percent_covered": 100.0, "percent_covered_display": "100", "missing_lines": 0, "excluded_lines": 0, "percent_statements_covered": 100.0, "percent_statements_covered_display": "100"}, "missing_lines": [], "excluded_lines": []}}, "classes": {"": {"executed_lines": [], "summary": {"covered_lines": 0, "num_statements": 0, "percent_covered": 100.0, "percent_covered_display": "100", "missing_lines": 0, "excluded_lines": 0, "percent_statements_covered": 100.0, "percent_statements_covered_display": "100"}, "missing_lines": [], "excluded_lines": []}}}, "tests/conftest.py": {"executed_lines": [1, 2, 3, 4, 6, 7, 8, 12, 15, 16, 18, 24, 25, 27, 29, 30, 32, 35, 36, 38, 44, 45, 48, 49, 51, 53, 54, 56, 58, 59, 61, 103, 514, 515, 771, 775, 1971, 1988], "summary": {"covered_lines": 31, "num_statements": 31, "percent_covered": 100.0, "percent_covered_display": "100", "missing_lines": 0, "excluded_lines": 0, "percent_statements_covered": 100.0, "percent_statements_covered_display": "100"}, "missing_lines": [], "excluded_lines": [], "functions": {"test_engine": {"executed_lines": [18, 24, 25, 27, 29, 30, 32], "summary": {"covered_lines": 7, "num_statements": 7, "percent_covered": 100.0, "percent_covered_display": "100", "missing_lines": 0, "excluded_lines": 0, "percent_statements_covered": 100.0, "percent_statements_covered_display": "100"}, "missing_lines": [], "excluded_lines": []}, "test_session": {"executed_lines": [38, 44, 45], "summary": {"covered_lines": 3, "num_statements": 3, "percent_covered": 100.0, "percent_covered_display": "100", "missing_lines": 0, "excluded_lines": 0, "percent_statements_covered": 100.0, "percent_statements_covered_display": "100"}, "missing_lines": [], "excluded_lines": []}, "test_client": {"executed_lines": [51, 53, 56, 58, 59, 61], "summary": {"covered_lines": 6, "num_statements": 6, "percent_covered": 100.0, "percent_covered_display": "100", "missing_lines": 0, "excluded_lines": 0, "percent_statements_covered": 100.0, "percent_statements_covered_display": "100"}, "missing_lines": [], "excluded_lines": []}, "test_client.override_get_session": {"executed_lines": [54], "summary": {"covered_lines": 1, "num_statements": 1, "percent_covered": 100.0, "percent_covered_display": "100", "missing_lines": 0, "excluded_lines": 0, "percent_statements_covered": 100.0, "percent_statements_covered_display": "100"}, "missing_lines": [], "excluded_lines": []}, "": {"executed_lines": [1, 2, 3, 4, 6, 7, 8, 12, 15, 16, 35, 36, 48, 49], "summary": {"covered_lines": 14, "num_statements": 14, "percent_covered": 100.0, "percent_covered_display": "100", "missing_lines": 0, "excluded_lines": 0, "percent_statements_covered": 100.0, "percent_statements_covered_display": "100"}, "missing_lines": [], "excluded_lines": []}}, "classes": {"": {"executed_lines": [1, 2, 3, 4, 6, 7, 8, 12, 15, 16, 18, 24, 25, 27, 29, 30, 32, 35, 36, 38, 44, 45, 48, 49, 51, 53, 54, 56, 58, 59, 61], "summary": {"covered_lines": 31, "num_statements": 31, "percent_covered": 100.0, "percent_covered_display": "100", "missing_lines": 0, "excluded_lines": 0, "percent_statements_covered": 100.0, "percent_statements_covered_display": "100"}, "missing_lines": [], "excluded_lines": []}}}, "tests/test_admin_routes.py": {"executed_lines": [1, 2, 4, 7, 8, 10, 20, 21, 22, 23, 24, 27, 28, 30, 40, 43, 44, 47, 48, 49, 52, 60, 61, 62, 63, 64, 67, 68, 71, 72, 73, 76, 80, 83, 84, 86, 90, 93, 94, 97, 98, 99, 101, 102, 103, 106, 107, 108, 114, 115, 118, 119, 120, 123, 124, 126, 135, 136, 139, 140, 141, 144, 145, 148, 149, 150, 153, 154, 156, 165, 166, 167, 640, 641, 642], "summary": {"covered_lines": 72, "num_statements": 72, "percent_covered": 100.0, "percent_covered_display": "100", "missing_lines": 0, "excluded_lines": 0, "percent_statements_covered": 100.0, "percent_statements_covered_display": "100"}, "missing_lines": [], "excluded_lines": [], "functions": {"test_create_zone_admin_endpoint": {"executed_lines": [10, 20, 21, 22, 23, 24], "summary": {"covered_lines": 6, "num_statements": 6, "percent_covered": 100.0, "percent_covered_display": "100", "missing_lines": 0, "excluded_lines": 0, "percent_statements_covered": 100.0, "percent_statements_covered_display": "100"}, "missing_lines": [], "excluded_lines": []}, "test_create_zone_non_admin_forbidden": {"executed_lines": [30, 40], "summary": {"covered_lines": 2, "num_statements": 2, "percent_covered": 100.0, "percent_covered_display": "100", "missing_lines": 0, "excluded_lines": 0, "percent_statements_covered": 100.0, "percent_statements_covered_display": "100"}, "missing_lines": [], "excluded_lines": []}, "test_update_zone_admin_endpoint": {"executed_lines": [47, 48, 49, 52, 60, 61, 62, 63, 64], "summary": {"covered_lines": 9, "num_statements": 9, "percent_covered": 100.0, "percent_covered_display": "100", "missing_lines": 0, "excluded_lines": 0, "percent_statements_covered": 100.0, "percent_statements_covered_display": "100"}, "missing_lines": [], "excluded_lines": []}, "test_delete_zone_admin_endpoint": {"executed_lines": [71, 72, 73, 76, 80], "summary": {"covered_lines": 5, "num_statements": 5, "percent_covered": 100.0, "percent_covered_display": "100", "missing_lines": 0, "excluded_lines": 0, "percent_statements_covered": 100.0, "percent_statements_covered_display": "100"}, "missing_lines": [], "excluded_lines": []}, "test_delete_nonexistent_zone": {"executed_lines": [86, 90], "summary": {"covered_lines": 2, "num_statements": 2, "percent_covered": 100.0, "percent_covered_display": "100", "missing_lines": 0, "excluded_lines": 0, "percent_statements_covered": 100.0, "percent_statements_covered_display": "100"}, "missing_lines": [], "excluded_lines": []}, "test_close_zone_admin_endpoint": {"executed_lines": [97, 98, 99, 101, 102, 103, 106, 107, 108, 114, 115, 118, 119, 120, 123, 124, 126, 135, 136, 139, 140, 141], "summary": {"covered_lines": 22, "num_statements": 22, "percent_covered": 100.0, "percent_covered_display": "100", "missing_lines": 0, "excluded_lines": 0, "percent_statements_covered": 100.0, "percent_statements_covered_display": "100"}, "missing_lines": [], "excluded_lines": []}, "test_close_zone_no_affected_bookings": {"executed_lines": [148, 149, 150, 153, 154, 156, 165, 166, 167], "summary": {"covered_lines": 9, "num_statements": 9, "percent_covered": 100.0, "percent_covered_display": "100", "missing_lines": 0, "excluded_lines": 0, "percent_statements_covered": 100.0, "percent_statements_covered_display": "100"}, "missing_lines": [], "excluded_lines": []}, "": {"executed_lines": [1, 2, 4, 7, 8, 27, 28, 43, 44, 67, 68, 83, 84, 93, 94, 144, 145], "summary": {"covered_lines": 17, "num_statements": 17, "percent_covered": 100.0, "percent_covered_display": "100", "missing_lines": 0, "excluded_lines": 0, "percent_statements_covered": 100.0, "percent_statements_covered_display": "100"}, "missing_lines": [], "excluded_lines": []}}, "classes": {"": {"executed_lines": [1, 2, 4, 7, 8, 10, 20, 21, 22, 23, 24, 27, 28, 30, 40, 43, 44, 47, 48, 49, 52, 60, 61, 62, 63, 64, 67, 68, 71, 72, 73, 76, 80, 83, 84, 86, 90, 93, 94, 97, 98, 99, 101, 102, 103, 106, 107, 108, 114, 115, 118, 119, 120, 123, 124, 126, 135, 136, 139, 140, 141, 144, 145, 148, 149, 150, 153, 154, 156, 165, 166, 167], "summary": {"covered_lines": 72, "num_statements": 72, "percent_covered": 100.0, "percent_covered_display": "100", "missing_lines": 0, "excluded_lines": 0, "percent_statements_covered": 100.0, "percent_statements_covered_display": "100"}, "missing_lines": [], "excluded_lines": []}}}, "tests/test_booking_auto_complete.py": {"executed_lines": [1, 2, 4, 5, 8, 9, 12, 13, 14, 16, 17, 18, 21, 22, 23, 25, 31, 32, 35, 44, 45, 48, 51, 54, 57, 60, 61, 64, 65, 66, 68, 69, 70, 71, 73, 76, 82, 83, 86, 92, 93, 96, 102, 103, 106, 115, 124, 133, 134, 137, 140, 141, 142, 145, 146, 148, 151, 152, 155, 156, 157, 159, 160, 161, 164, 165, 166, 168, 174, 175, 178, 187, 188, 191, 192, 200, 201, 204, 205, 208, 209, 212, 213, 214, 216, 217, 218, 220, 223, 229, 230, 232, 241, 244, 250, 251, 253, 262, 263, 266, 269, 272, 273, 276, 279, 280, 992, 1015, 1033, 1034, 1040, 1041, 1042, 1043, 1044, 1045, 1971, 1981, 1983, 1990], "summary": {"covered_lines": 106, "num_statements": 106, "percent_covered": 100.0, "percent_covered_display": "100", "missing_lines": 0, "excluded_lines": 0, "percent_statements_covered": 100.0, "percent_statements_covered_display": "100"}, "missing_lines": [], "excluded_lines": [], "functions": {"test_auto_complete_expired_bookings_single": {"executed_lines": [12, 13, 14, 16, 17, 18, 21, 22, 23, 25, 31, 32, 35, 44, 45, 48, 51, 54, 57], "summary": {"covered_lines": 19, "num_statements": 19, "percent_covered": 100.0, "percent_covered_display": "100", "missing_lines": 0, "excluded_lines": 0, "percent_statements_covered": 100.0, "percent_statements_covered_display": "100"}, "missing_lines": [], "excluded_lines": []}, "test_auto_complete_expired_bookings_bulk": {"executed_lines": [64, 65, 66, 68, 69, 70, 71, 73, 76, 82, 83, 86, 92, 93, 96, 102, 103, 106, 115, 124, 133, 134, 137, 140, 141, 142, 145, 146, 148], "summary": {"covered_lines": 29, "num_statements": 29, "percent_covered": 100.0, "percent_covered_display": "100", "missing_lines": 0, "excluded_lines": 0, "percent_statements_covered": 100.0, "percent_statements_covered_display": "100"}, "missing_lines": [], "excluded_lines": []}, "test_extend_expired_booking_error": {"executed_lines": [155, 156, 157, 159, 160, 161, 164, 165, 166, 168, 174, 175, 178, 187, 188, 191, 192, 200, 201, 204, 205], "summary": {"covered_lines": 21, "num_statements": 21, "percent_covered": 100.0, "percent_covered_display": "100", "missing_lines": 0, "excluded_lines": 0, "percent_statements_covered": 100.0, "percent_statements_covered_display": "100"}, "missing_lines": [], "excluded_lines": []}, "test_statistics_exclude_completed_bookings": {"executed_lines": [212, 213, 214, 216, 217, 218, 220, 223, 229, 230, 232, 241, 244, 250, 251, 253, 262, 263, 266, 269, 272, 273, 276, 279, 280], "summary": {"covered_lines": 25, "num_statements": 25, "percent_covered": 100.0, "percent_covered_display": "100", "missing_lines": 0, "excluded_lines": 0, "percent_statements_covered": 100.0, "percent_statements_covered_display": "100"}, "missing_lines": [], "excluded_lines": []}, "": {"executed_lines": [1, 2, 4, 5, 8, 9, 60, 61, 151, 152, 208, 209], "summary": {"covered_lines": 12, "num_statements": 12, "percent_covered": 100.0, "percent_covered_display": "100", "missing_lines": 0, "excluded_lines": 0, "percent_statements_covered": 100.0, "percent_statements_covered_display": "100"}, "missing_lines": [], "excluded_lines": []}}, "classes": {"": {"executed_lines": [1, 2, 4, 5, 8, 9, 12, 13, 14, 16, 17, 18, 21, 22, 23, 25, 31, 32, 35, 44, 45, 48, 51, 54, 57, 60, 61, 64, 65, 66, 68, 69, 70, 71, 73, 76, 82, 83, 86, 92, 93, 96, 102, 103, 106, 115, 124, 133, 134, 137, 140, 141, 142, 145, 146, 148, 151, 152, 155, 156, 157, 159, 160, 161, 164, 165, 166, 168, 174, 175, 178, 187, 188, 191, 192, 200, 201, 204, 205, 208, 209, 212, 213, 214, 216, 217, 218, 220, 223, 229, 230, 232, 241, 244, 250, 251, 253, 262, 263, 266, 269, 272, 273, 276, 279, 280], "summary": {"covered_lines": 106, "num_statements": 106, "percent_covered": 100.0, "percent_covered_display": "100", "missing_lines": 0, "excluded_lines": 0, "percent_statements_covered": 100.0, "percent_statements_covered_display": "100"}, "missing_lines": [], "excluded_lines": []}}}, "tests/test_booking_conflicts.py": {"executed_lines": [1, 8, 9, 11, 12, 15, 16, 21, 22, 23, 24, 27, 28, 29, 30, 33, 34, 36, 42, 48, 49, 52, 57, 60, 66, 69, 70, 75, 76, 77, 79, 80, 81, 82, 85, 86, 88, 95, 101, 102, 105, 110, 113, 119, 122, 123, 128, 129, 130, 132, 133, 134, 135, 138, 141, 148, 154, 155, 158, 163, 166, 172, 175, 176, 182, 183, 184, 186, 187, 188, 192, 193, 195, 201, 202, 205, 210, 214, 215, 228, 232, 233, 238, 239, 240, 241, 243, 244, 245, 246, 248, 251, 257, 263, 264, 267, 273, 274, 277, 286, 289, 298, 299, 302, 308, 640, 641, 642], "summary": {"covered_lines": 103, "num_statements": 103, "percent_covered": 100.0, "percent_covered_display": "100", "missing_lines": 0, "excluded_lines": 0, "percent_statements_covered": 100.0, "percent_statements_covered_display": "100"}, "missing_lines": [], "excluded_lines": [], "functions": {"test_prevent_multiple_bookings_same_time_different_zones": {"executed_lines": [21, 22, 23, 24, 27, 28, 29, 30, 33, 34, 36, 42, 48, 49, 52, 57, 60, 66], "summary": {"covered_lines": 18, "num_statements": 18, "percent_covered": 100.0, "percent_covered_display": "100", "missing_lines": 0, "excluded_lines": 0, "percent_statements_covered": 100.0, "percent_statements_covered_display": "100"}, "missing_lines": [], "excluded_lines": []}, "test_prevent_overlapping_bookings_same_zone": {"executed_lines": [75, 76, 77, 79, 80, 81, 82, 85, 86, 88, 95, 101, 102, 105, 110, 113, 119], "summary": {"covered_lines": 16, "num_statements": 16, "percent_covered": 100.0, "percent_covered_display": "100", "missing_lines": 0, "excluded_lines": 0, "percent_statements_covered": 100.0, "percent_statements_covered_display": "100"}, "missing_lines": [], "excluded_lines": []}, "test_allow_sequential_bookings_same_zone": {"executed_lines": [128, 129, 130, 132, 133, 134, 135, 138, 141, 148, 154, 155, 158, 163, 166, 172], "summary": {"covered_lines": 16, "num_statements": 16, "percent_covered": 100.0, "percent_covered_display": "100", "missing_lines": 0, "excluded_lines": 0, "percent_statements_covered": 100.0, "percent_statements_covered_display": "100"}, "missing_lines": [], "excluded_lines": []}, "test_prevent_overlapping_bookings_by_time_range": {"executed_lines": [182, 183, 184, 186, 187, 188, 192, 193, 195, 201, 202, 205, 210, 214, 215, 228], "summary": {"covered_lines": 16, "num_statements": 16, "percent_covered": 100.0, "percent_covered_display": "100", "missing_lines": 0, "excluded_lines": 0, "percent_statements_covered": 100.0, "percent_statements_covered_display": "100"}, "missing_lines": [], "excluded_lines": []}, "test_extend_booking_with_time_conflict": {"executed_lines": [238, 239, 240, 241, 243, 244, 245, 246, 248, 251, 257, 263, 264, 267, 273, 274, 277, 286, 289, 298, 299, 302, 308], "summary": {"covered_lines": 23, "num_statements": 23, "percent_covered": 100.0, "percent_covered_display": "100", "missing_lines": 0, "excluded_lines": 0, "percent_statements_covered": 100.0, "percent_statements_covered_display": "100"}, "missing_lines": [], "excluded_lines": []}, "": {"executed_lines": [1, 8, 9, 11, 12, 15, 16, 69, 70, 122, 123, 175, 176, 232, 233], "summary": {"covered_lines": 14, "num_statements": 14, "percent_covered": 100.0, "percent_covered_display": "100", "missing_lines": 0, "excluded_lines": 0, "percent_statements_covered": 100.0, "percent_statements_covered_display": "100"}, "missing_lines": [], "excluded_lines": []}}, "classes": {"": {"executed_lines": [1, 8, 9, 11, 12, 15, 16, 21, 22, 23, 24, 27, 28, 29, 30, 33, 34, 36, 42, 48, 49, 52, 57, 60, 66, 69, 70, 75, 76, 77, 79, 80, 81, 82, 85, 86, 88, 95, 101, 102, 105, 110, 113, 119, 122, 123, 128, 129, 130, 132, 133, 134, 135, 138, 141, 148, 154, 155, 158, 163, 166, 172, 175, 176, 182, 183, 184, 186, 187, 188, 192, 193, 195, 201, 202, 205, 210, 214, 215, 228, 232, 233, 238, 239, 240, 241, 243, 244, 245, 246, 248, 251, 257, 263, 264, 267, 273, 274, 277, 286, 289, 298, 299, 302, 308], "summary": {"covered_lines": 103, "num_statements": 103, "percent_covered": 100.0, "percent_covered_display": "100", "missing_lines": 0, "excluded_lines": 0, "percent_statements_covered": 100.0, "percent_statements_covered_display": "100"}, "missing_lines": [], "excluded_lines": []}}}, "tests/test_booking_errors.py": {"executed_lines": [1, 2, 4, 7, 8, 10, 11, 12, 14, 15, 16, 18, 30, 31, 32, 33, 36, 37, 39, 40, 41, 43, 44, 45, 47, 48, 60, 61, 62, 63, 66, 67, 69, 70, 71, 73, 74, 75, 77, 79, 91, 92, 93, 94, 97, 98, 100, 101, 102, 104, 105, 106, 108, 109, 121, 122, 123, 124, 127, 128, 130, 131, 132, 134, 135, 136, 138, 140, 152, 155, 167, 168, 169, 170, 173, 174, 176, 177, 178, 180, 181, 182, 184, 186, 198, 201, 213, 214, 215, 216, 219, 220, 222, 223, 224, 226, 228, 240, 241, 242, 243, 246, 247, 249, 250, 251, 253, 254, 255, 257, 258, 270, 271, 272, 273, 274, 640, 641, 642], "summary": {"covered_lines": 116, "num_statements": 116, "percent_covered": 100.0, "percent_covered_display": "100", "missing_lines": 0, "excluded_lines": 0, "percent_statements_covered": 100.0, "percent_statements_covered_display": "100"}, "missing_lines": [], "excluded_lines": [], "functions": {"test_invalid_date_error": {"executed_lines": [10, 11, 12, 14, 15, 16, 18, 30, 31, 32, 33], "summary": {"covered_lines": 11, "num_statements": 11, "percent_covered": 100.0, "percent_covered_display": "100", "missing_lines": 0, "excluded_lines": 0, "percent_statements_covered": 100.0, "percent_statements_covered_display": "100"}, "missing_lines": [], "excluded_lines": []}, "test_invalid_time_range_error": {"executed_lines": [39, 40, 41, 43, 44, 45, 47, 48, 60, 61, 62, 63], "summary": {"covered_lines": 12, "num_statements": 12, "percent_covered": 100.0, "percent_covered_display": "100", "missing_lines": 0, "excluded_lines": 0, "percent_statements_covered": 100.0, "percent_statements_covered_display": "100"}, "missing_lines": [], "excluded_lines": []}, "test_time_limit_exceeded_error": {"executed_lines": [69, 70, 71, 73, 74, 75, 77, 79, 91, 92, 93, 94], "summary": {"covered_lines": 12, "num_statements": 12, "percent_covered": 100.0, "percent_covered_display": "100", "missing_lines": 0, "excluded_lines": 0, "percent_statements_covered": 100.0, "percent_statements_covered_display": "100"}, "missing_lines": [], "excluded_lines": []}, "test_zone_inactive_error": {"executed_lines": [100, 101, 102, 104, 105, 106, 108, 109, 121, 122, 123, 124], "summary": {"covered_lines": 12, "num_statements": 12, "percent_covered": 100.0, "percent_covered_display": "100", "missing_lines": 0, "excluded_lines": 0, "percent_statements_covered": 100.0, "percent_statements_covered_display": "100"}, "missing_lines": [], "excluded_lines": []}, "test_user_conflict_error": {"executed_lines": [130, 131, 132, 134, 135, 136, 138, 140, 152, 155, 167, 168, 169, 170], "summary": {"covered_lines": 14, "num_statements": 14, "percent_covered": 100.0, "percent_covered_display": "100", "missing_lines": 0, "excluded_lines": 0, "percent_statements_covered": 100.0, "percent_statements_covered_display": "100"}, "missing_lines": [], "excluded_lines": []}, "test_zone_capacity_exceeded_error": {"executed_lines": [176, 177, 178, 180, 181, 182, 184, 186, 198, 201, 213, 214, 215, 216], "summary": {"covered_lines": 14, "num_statements": 14, "percent_covered": 100.0, "percent_covered_display": "100", "missing_lines": 0, "excluded_lines": 0, "percent_statements_covered": 100.0, "percent_statements_covered_display": "100"}, "missing_lines": [], "excluded_lines": []}, "test_zone_without_places_capacity_error": {"executed_lines": [222, 223, 224, 226, 228, 240, 241, 242, 243], "summary": {"covered_lines": 9, "num_statements": 9, "percent_covered": 100.0, "percent_covered_display": "100", "missing_lines": 0, "excluded_lines": 0, "percent_statements_covered": 100.0, "percent_statements_covered_display": "100"}, "missing_lines": [], "excluded_lines": []}, "test_successful_booking_still_works": {"executed_lines": [249, 250, 251, 253, 254, 255, 257, 258, 270, 271, 272, 273, 274], "summary": {"covered_lines": 13, "num_statements": 13, "percent_covered": 100.0, "percent_covered_display": "100", "missing_lines": 0, "excluded_lines": 0, "percent_statements_covered": 100.0, "percent_statements_covered_display": "100"}, "missing_lines": [], "excluded_lines": []}, "": {"executed_lines": [1, 2, 4, 7, 8, 36, 37, 66, 67, 97, 98, 127, 128, 173, 174, 219, 220, 246, 247], "summary": {"covered_lines": 19, "num_statements": 19, "percent_covered": 100.0, "percent_covered_display": "100", "missing_lines": 0, "excluded_lines": 0, "percent_statements_covered": 100.0, "percent_statements_covered_display": "100"}, "missing_lines": [], "excluded_lines": []}}, "classes": {"": {"executed_lines": [1, 2, 4, 7, 8, 10, 11, 12, 14, 15, 16, 18, 30, 31, 32, 33, 36, 37, 39, 40, 41, 43, 44, 45, 47, 48, 60, 61, 62, 63, 66, 67, 69, 70, 71, 73, 74, 75, 77, 79, 91, 92, 93, 94, 97, 98, 100, 101, 102, 104, 105, 106, 108, 109, 121, 122, 123, 124, 127, 128, 130, 131, 132, 134, 135, 136, 138, 140, 152, 155, 167, 168, 169, 170, 173, 174, 176, 177, 178, 180, 181, 182, 184, 186, 198, 201, 213, 214, 215, 216, 219, 220, 222, 223, 224, 226, 228, 240, 241, 242, 243, 246, 247, 249, 250, 251, 253, 254, 255, 257, 258, 270, 271, 272, 273, 274], "summary": {"covered_lines": 116, "num_statements": 116, "percent_covered": 100.0, "percent_covered_display": "100", "missing_lines": 0, "excluded_lines": 0, "percent_statements_covered": 100.0, "percent_statements_covered_display": "100"}, "missing_lines": [], "excluded_lines": []}}}, "tests/test_booking_history_display.py": {"executed_lines": [1, 6, 7, 9, 12, 13, 18, 19, 20, 22, 23, 24, 27, 28, 30, 31, 32, 34, 40, 41, 43, 52, 53, 58, 61, 65, 66, 69, 70, 71, 72, 73, 74, 77, 78, 81, 84, 85, 86, 90, 91, 92, 94, 95, 96, 99, 101, 107, 113, 114, 116, 125, 126, 129, 134, 135, 138, 139, 140, 141, 144, 145, 148, 149, 152, 156, 157, 159, 160, 161, 162, 163, 164, 640, 641, 642], "summary": {"covered_lines": 71, "num_statements": 71, "percent_covered": 100.0, "percent_covered_display": "100", "missing_lines": 0, "excluded_lines": 0, "percent_statements_covered": 100.0, "percent_statements_covered_display": "100"}, "missing_lines": [], "excluded_lines": [], "functions": {"test_booking_history_shows_time_range": {"executed_lines": [18, 19, 20, 22, 23, 24, 27, 28, 30, 31, 32, 34, 40, 41, 43, 52, 53, 58, 61, 65, 66, 69, 70, 71, 72, 73, 74, 77, 78, 81], "summary": {"covered_lines": 30, "num_statements": 30, "percent_covered": 100.0, "percent_covered_display": "100", "missing_lines": 0, "excluded_lines": 0, "percent_statements_covered": 100.0, "percent_statements_covered_display": "100"}, "missing_lines": [], "excluded_lines": []}, "test_extended_booking_shows_time_range": {"executed_lines": [86, 90, 91, 92, 94, 95, 96, 99, 101, 107, 113, 114, 116, 125, 126, 129, 134, 135, 138, 139, 140, 141, 144, 145, 148, 149, 152, 156, 157, 159, 160, 161, 162, 163, 164], "summary": {"covered_lines": 34, "num_statements": 34, "percent_covered": 100.0, "percent_covered_display": "100", "missing_lines": 0, "excluded_lines": 0, "percent_statements_covered": 100.0, "percent_statements_covered_display": "100"}, "missing_lines": [], "excluded_lines": []}, "": {"executed_lines": [1, 6, 7, 9, 12, 13, 84, 85], "summary": {"covered_lines": 7, "num_statements": 7, "percent_covered": 100.0, "percent_covered_display": "100", "missing_lines": 0, "excluded_lines": 0, "percent_statements_covered": 100.0, "percent_statements_covered_display": "100"}, "missing_lines": [], "excluded_lines": []}}, "classes": {"": {"executed_lines": [1, 6, 7, 9, 12, 13, 18, 19, 20, 22, 23, 24, 27, 28, 30, 31, 32, 34, 40, 41, 43, 52, 53, 58, 61, 65, 66, 69, 70, 71, 72, 73, 74, 77, 78, 81, 84, 85, 86, 90, 91, 92, 94, 95, 96, 99, 101, 107, 113, 114, 116, 125, 126, 129, 134, 135, 138, 139, 140, 141, 144, 145, 148, 149, 152, 156, 157, 159, 160, 161, 162, 163, 164], "summary": {"covered_lines": 71, "num_statements": 71, "percent_covered": 100.0, "percent_covered_display": "100", "missing_lines": 0, "excluded_lines": 0, "percent_statements_covered": 100.0, "percent_statements_covered_display": "100"}, "missing_lines": [], "excluded_lines": []}}}, "tests/test_capacity_check.py": {"executed_lines": [1, 2, 4, 7, 8, 11, 12, 13, 15, 16, 17, 18, 21, 22, 34, 37, 49, 52, 64, 67, 68, 71, 72, 73, 75, 76, 77, 80, 81, 93, 96, 108, 111, 123, 126, 127, 130, 131, 132, 134, 135, 136, 139, 140, 152, 155, 167, 170, 171, 174, 175, 176, 178, 179, 180, 183, 184, 196, 197, 200, 205, 208, 220, 223, 224, 227, 228, 229, 230, 232, 233, 234, 235, 237, 240, 252, 255, 267, 270, 282, 640, 641, 642], "summary": {"covered_lines": 80, "num_statements": 80, "percent_covered": 100.0, "percent_covered_display": "100", "missing_lines": 0, "excluded_lines": 0, "percent_statements_covered": 100.0, "percent_statements_covered_display": "100"}, "missing_lines": [], "excluded_lines": [], "functions": {"test_create_booking_by_time_with_capacity_check": {"executed_lines": [11, 12, 13, 15, 16, 17, 18, 21, 22, 34, 37, 49, 52, 64], "summary": {"covered_lines": 14, "num_statements": 14, "percent_covered": 100.0, "percent_covered_display": "100", "missing_lines": 0, "excluded_lines": 0, "percent_statements_covered": 100.0, "percent_statements_covered_display": "100"}, "missing_lines": [], "excluded_lines": []}, "test_create_booking_by_time_partial_overlap": {"executed_lines": [71, 72, 73, 75, 76, 77, 80, 81, 93, 96, 108, 111, 123], "summary": {"covered_lines": 13, "num_statements": 13, "percent_covered": 100.0, "percent_covered_display": "100", "missing_lines": 0, "excluded_lines": 0, "percent_statements_covered": 100.0, "percent_statements_covered_display": "100"}, "missing_lines": [], "excluded_lines": []}, "test_create_booking_by_slot_with_capacity_check": {"executed_lines": [130, 131, 132, 134, 135, 136, 139, 140, 152, 155, 167], "summary": {"covered_lines": 11, "num_statements": 11, "percent_covered": 100.0, "percent_covered_display": "100", "missing_lines": 0, "excluded_lines": 0, "percent_statements_covered": 100.0, "percent_statements_covered_display": "100"}, "missing_lines": [], "excluded_lines": []}, "test_capacity_check_with_cancelled_bookings": {"executed_lines": [174, 175, 176, 178, 179, 180, 183, 184, 196, 197, 200, 205, 208, 220], "summary": {"covered_lines": 14, "num_statements": 14, "percent_covered": 100.0, "percent_covered_display": "100", "missing_lines": 0, "excluded_lines": 0, "percent_statements_covered": 100.0, "percent_statements_covered_display": "100"}, "missing_lines": [], "excluded_lines": []}, "test_capacity_check_with_multiple_zones": {"executed_lines": [227, 228, 229, 230, 232, 233, 234, 235, 237, 240, 252, 255, 267, 270, 282], "summary": {"covered_lines": 15, "num_statements": 15, "percent_covered": 100.0, "percent_covered_display": "100", "missing_lines": 0, "excluded_lines": 0, "percent_statements_covered": 100.0, "percent_statements_covered_display": "100"}, "missing_lines": [], "excluded_lines": []}, "": {"executed_lines": [1, 2, 4, 7, 8, 67, 68, 126, 127, 170, 171, 223, 224], "summary": {"covered_lines": 13, "num_statements": 13, "percent_covered": 100.0, "percent_covered_display": "100", "missing_lines": 0, "excluded_lines": 0, "percent_statements_covered": 100.0, "percent_statements_covered_display": "100"}, "missing_lines": [], "excluded_lines": []}}, "classes": {"": {"executed_lines": [1, 2, 4, 7, 8, 11, 12, 13, 15, 16, 17, 18, 21, 22, 34, 37, 49, 52, 64, 67, 68, 71, 72, 73, 75, 76, 77, 80, 81, 93, 96, 108, 111, 123, 126, 127, 130, 131, 132, 134, 135, 136, 139, 140, 152, 155, 167, 170, 171, 174, 175, 176, 178, 179, 180, 183, 184, 196, 197, 200, 205, 208, 220, 223, 224, 227, 228, 229, 230, 232, 233, 234, 235, 237, 240, 252, 255, 267, 270, 282], "summary": {"covered_lines": 80, "num_statements": 80, "percent_covered": 100.0, "percent_covered_display": "100", "missing_lines": 0, "excluded_lines": 0, "percent_statements_covered": 100.0, "percent_statements_covered_display": "100"}, "missing_lines": [], "excluded_lines": []}}}, "tests/test_concurrency_and_permissions.py": {"executed_lines": [1, 9, 10, 11, 13, 14, 15, 16, 19, 20, 29, 30, 31, 33, 34, 35, 37, 38, 39, 45, 46, 49, 52, 55, 58, 59, 62, 63, 66, 67, 76, 77, 78, 80, 81, 82, 84, 85, 88, 97, 98, 102, 103, 104, 107, 108, 115, 116, 117, 119, 120, 121, 123, 124, 125, 131, 132, 135, 144, 145, 149, 150, 153, 154, 157, 158, 165, 166, 167, 169, 170, 171, 173, 174, 175, 181, 182, 185, 194, 195, 199, 200, 201, 204, 205, 212, 213, 214, 216, 217, 218, 220, 221, 222, 228, 231, 237, 238, 241, 250, 251, 255, 256, 259, 260, 268, 269, 270, 272, 273, 274, 275, 277, 278, 281, 290, 291, 295, 296, 297, 1971, 1981, 1983, 1990], "summary": {"covered_lines": 119, "num_statements": 119, "percent_covered": 100.0, "percent_covered_display": "100", "missing_lines": 0, "excluded_lines": 0, "percent_statements_covered": 100.0, "percent_statements_covered_display": "100"}, "missing_lines": [], "excluded_lines": [], "functions": {"test_concurrent_booking_same_slot": {"executed_lines": [29, 30, 31, 33, 34, 35, 37, 38, 39, 45, 46, 49, 52, 55, 58, 59, 62, 63], "summary": {"covered_lines": 18, "num_statements": 18, "percent_covered": 100.0, "percent_covered_display": "100", "missing_lines": 0, "excluded_lines": 0, "percent_statements_covered": 100.0, "percent_statements_covered_display": "100"}, "missing_lines": [], "excluded_lines": []}, "test_duplicate_slot_creation_integrity_error": {"executed_lines": [76, 77, 78, 80, 81, 82, 84, 85, 88, 97, 98, 102, 103, 104], "summary": {"covered_lines": 14, "num_statements": 14, "percent_covered": 100.0, "percent_covered_display": "100", "missing_lines": 0, "excluded_lines": 0, "percent_statements_covered": 100.0, "percent_statements_covered_display": "100"}, "missing_lines": [], "excluded_lines": []}, "test_cancel_booking_permission_denied": {"executed_lines": [115, 116, 117, 119, 120, 121, 123, 124, 125, 131, 132, 135, 144, 145, 149, 150, 153, 154], "summary": {"covered_lines": 18, "num_statements": 18, "percent_covered": 100.0, "percent_covered_display": "100", "missing_lines": 0, "excluded_lines": 0, "percent_statements_covered": 100.0, "percent_statements_covered_display": "100"}, "missing_lines": [], "excluded_lines": []}, "test_cancel_booking_admin_can_cancel_any": {"executed_lines": [165, 166, 167, 169, 170, 171, 173, 174, 175, 181, 182, 185, 194, 195, 199, 200, 201], "summary": {"covered_lines": 17, "num_statements": 17, "percent_covered": 100.0, "percent_covered_display": "100", "missing_lines": 0, "excluded_lines": 0, "percent_statements_covered": 100.0, "percent_statements_covered_display": "100"}, "missing_lines": [], "excluded_lines": []}, "test_extend_booking_permission_denied": {"executed_lines": [212, 213, 214, 216, 217, 218, 220, 221, 222, 228, 231, 237, 238, 241, 250, 251, 255, 256], "summary": {"covered_lines": 18, "num_statements": 18, "percent_covered": 100.0, "percent_covered_display": "100", "missing_lines": 0, "excluded_lines": 0, "percent_statements_covered": 100.0, "percent_statements_covered_display": "100"}, "missing_lines": [], "excluded_lines": []}, "test_concurrent_slot_creation_same_time": {"executed_lines": [268, 269, 270, 272, 273, 274, 275, 277, 278, 281, 290, 291, 295, 296, 297], "summary": {"covered_lines": 15, "num_statements": 15, "percent_covered": 100.0, "percent_covered_display": "100", "missing_lines": 0, "excluded_lines": 0, "percent_statements_covered": 100.0, "percent_statements_covered_display": "100"}, "missing_lines": [], "excluded_lines": []}, "": {"executed_lines": [1, 9, 10, 11, 13, 14, 15, 16, 19, 20, 66, 67, 107, 108, 157, 158, 204, 205, 259, 260], "summary": {"covered_lines": 19, "num_statements": 19, "percent_covered": 100.0, "percent_covered_display": "100", "missing_lines": 0, "excluded_lines": 0, "percent_statements_covered": 100.0, "percent_statements_covered_display": "100"}, "missing_lines": [], "excluded_lines": []}}, "classes": {"": {"executed_lines": [1, 9, 10, 11, 13, 14, 15, 16, 19, 20, 29, 30, 31, 33, 34, 35, 37, 38, 39, 45, 46, 49, 52, 55, 58, 59, 62, 63, 66, 67, 76, 77, 78, 80, 81, 82, 84, 85, 88, 97, 98, 102, 103, 104, 107, 108, 115, 116, 117, 119, 120, 121, 123, 124, 125, 131, 132, 135, 144, 145, 149, 150, 153, 154, 157, 158, 165, 166, 167, 169, 170, 171, 173, 174, 175, 181, 182, 185, 194, 195, 199, 200, 201, 204, 205, 212, 213, 214, 216, 217, 218, 220, 221, 222, 228, 231, 237, 238, 241, 250, 251, 255, 256, 259, 260, 268, 269, 270, 272, 273, 274, 275, 277, 278, 281, 290, 291, 295, 296, 297], "summary": {"covered_lines": 119, "num_statements": 119, "percent_covered": 100.0, "percent_covered_display": "100", "missing_lines": 0, "excluded_lines": 0, "percent_statements_covered": 100.0, "percent_statements_covered_display": "100"}, "missing_lines": [], "excluded_lines": []}}}, "tests/test_crud_basic.py": {"executed_lines": [1, 2, 4, 5, 6, 9, 10, 13, 19, 21, 22, 23, 24, 27, 
[...]
rcent_statements_covered_display": "100"}, "missing_lines": [], "excluded_lines": []}, "test_utc_to_msk_converts_naive_utc_to_moscow": {"executed_lines": [89, 91, 93, 94, 95], "summary": {"covered_lines": 5, "num_statements": 5, "percent_covered": 100.0, "percent_covered_display": "100", "missing_lines": 0, "excluded_lines": 0, "percent_statements_covered": 100.0, "percent_statements_covered_display": "100"}, "missing_lines": [], "excluded_lines": []}, "test_utc_to_msk_converts_aware_utc_to_moscow": {"executed_lines": [100, 102, 104, 105, 106], "summary": {"covered_lines": 5, "num_statements": 5, "percent_covered": 100.0, "percent_covered_display": "100", "missing_lines": 0, "excluded_lines": 0, "percent_statements_covered": 100.0, "percent_statements_covered_display": "100"}, "missing_lines": [], "excluded_lines": []}, "test_round_trip_conversion": {"executed_lines": [111, 114, 116, 119, 120, 121, 122, 123, 124], "summary": {"covered_lines": 9, "num_statements": 9, "percent_covered": 100.0, "percent_covered_display": "100", "missing_lines": 0, "excluded_lines": 0, "percent_statements_covered": 100.0, "percent_statements_covered_display": "100"}, "missing_lines": [], "excluded_lines": []}, "": {"executed_lines": [1, 4, 5, 6, 8, 18, 28, 37, 50, 63, 75, 87, 98, 109], "summary": {"covered_lines": 13, "num_statements": 13, "percent_covered": 100.0, "percent_covered_display": "100", "missing_lines": 0, "excluded_lines": 0, "percent_statements_covered": 100.0, "percent_statements_covered_display": "100"}, "missing_lines": [], "excluded_lines": []}}, "classes": {"": {"executed_lines": [1, 4, 5, 6, 8, 18, 20, 21, 22, 24, 25, 28, 30, 31, 33, 34, 37, 40, 42, 45, 46, 47, 50, 53, 55, 58, 59, 60, 63, 66, 68, 71, 72, 75, 78, 80, 83, 84, 87, 89, 91, 93, 94, 95, 98, 100, 102, 104, 105, 106, 109, 111, 114, 116, 119, 120, 121, 122, 123, 124], "summary": {"covered_lines": 59, "num_statements": 59, "percent_covered": 100.0, "percent_covered_display": "100", "missing_lines": 0, "excluded_lines": 0, "percent_statements_covered": 100.0, "percent_statements_covered_display": "100"}, "missing_lines": [], "excluded_lines": []}}}, "tests/test_user_routes.py": {"executed_lines": [1, 2, 4, 7, 8, 11, 12, 13, 14, 17, 18, 19, 20, 21, 22, 25, 26, 29, 30, 31, 33, 34, 35, 36, 39, 40, 41, 42, 43, 46, 47, 50, 51, 52, 54, 55, 56, 58, 59, 60, 62, 68, 69, 72, 73, 74, 75, 76, 79, 80, 83, 84, 85, 86, 87, 88, 89, 91, 92, 93, 99, 100, 103, 108, 109, 110, 111, 112, 115, 116, 119, 120, 121, 123, 124, 125, 127, 128, 129, 135, 136, 138, 139, 140, 143, 148, 149, 150, 153, 154, 157, 158, 159, 161, 162, 163, 166, 167, 168, 169, 175, 176, 178, 179, 181, 184, 188, 189, 190, 193, 194, 197, 198, 199, 201, 202, 203, 206, 207, 208, 214, 216, 217, 218, 224, 225, 227, 236, 237, 240, 245, 246, 247, 248, 251, 252, 254, 257, 258, 259, 261, 262, 263, 266, 267, 268, 274, 275, 277, 286, 287, 290, 297, 298, 299, 301, 302, 303, 304, 305, 306, 309, 310, 312, 318, 319, 320, 322, 323, 324, 325, 326, 640, 641, 642], "summary": {"covered_lines": 171, "num_statements": 171, "percent_covered": 100.0, "percent_covered_display": "100", "missing_lines": 0, "excluded_lines": 0, "percent_statements_covered": 100.0, "percent_statements_covered_display": "100"}, "missing_lines": [], "excluded_lines": [], "functions": {"test_list_zones_endpoint": {"executed_lines": [11, 12, 13, 14, 17, 18, 19, 20, 21, 22], "summary": {"covered_lines": 10, "num_statements": 10, "percent_covered": 100.0, "percent_covered_display": "100", "missing_lines": 0, "excluded_lines": 0, "percent_statements_covered": 100.0, "percent_statements_covered_display": "100"}, "missing_lines": [], "excluded_lines": []}, "test_list_places_in_zone_endpoint": {"executed_lines": [29, 30, 31, 33, 34, 35, 36, 39, 40, 41, 42, 43], "summary": {"covered_lines": 12, "num_statements": 12, "percent_covered": 100.0, "percent_covered_display": "100", "missing_lines": 0, "excluded_lines": 0, "percent_statements_covered": 100.0, "percent_statements_covered_display": "100"}, "missing_lines": [], "excluded_lines": []}, "test_list_slots_endpoint": {"executed_lines": [50, 51, 52, 54, 55, 56, 58, 59, 60, 62, 68, 69, 72, 73, 74, 75, 76], "summary": {"covered_lines": 17, "num_statements": 17, "percent_covered": 100.0, "percent_covered_display": "100", "missing_lines": 0, "excluded_lines": 0, "percent_statements_covered": 100.0, "percent_statements_covered_display": "100"}, "missing_lines": [], "excluded_lines": []}, "test_create_booking_endpoint": {"executed_lines": [83, 84, 85, 86, 87, 88, 89, 91, 92, 93, 99, 100, 103, 108, 109, 110, 111, 112], "summary": {"covered_lines": 17, "num_statements": 17, "percent_covered": 100.0, "percent_covered_display": "100", "missing_lines": 0, "excluded_lines": 0, "percent_statements_covered": 100.0, "percent_statements_covered_display": "100"}, "missing_lines": [], "excluded_lines": []}, "test_cancel_booking_endpoint": {"executed_lines": [119, 120, 121, 123, 124, 125, 127, 128, 129, 135, 136, 138, 139, 140, 143, 148, 149, 150], "summary": {"covered_lines": 18, "num_statements": 18, "percent_covered": 100.0, "percent_covered_display": "100", "missing_lines": 0, "excluded_lines": 0, "percent_statements_covered": 100.0, "percent_statements_covered_display": "100"}, "missing_lines": [], "excluded_lines": []}, "test_booking_history_endpoint": {"executed_lines": [157, 158, 159, 161, 162, 163, 166, 167, 168, 169, 175, 176, 178, 179, 181, 184, 188, 189, 190], "summary": {"covered_lines": 19, "num_statements": 19, "percent_covered": 100.0, "percent_covered_display": "100", "missing_lines": 0, "excluded_lines": 0, "percent_statements_covered": 100.0, "percent_statements_covered_display": "100"}, "missing_lines": [], "excluded_lines": []}, "test_extend_booking_endpoint": {"executed_lines": [197, 198, 199, 201, 202, 203, 206, 207, 208, 214, 216, 217, 218, 224, 225, 227, 236, 237, 240, 245, 246, 247, 248], "summary": {"covered_lines": 23, "num_statements": 23, "percent_covered": 100.0, "percent_covered_display": "100", "missing_lines": 0, "excluded_lines": 0, "percent_statements_covered": 100.0, "percent_statements_covered_display": "100"}, "missing_lines": [], "excluded_lines": []}, "test_extend_booking_error_messages": {"executed_lines": [254, 257, 258, 259, 261, 262, 263, 266, 267, 268, 274, 275, 277, 286, 287, 290, 297, 298, 299, 301, 302, 303, 304, 305, 306], "summary": {"covered_lines": 25, "num_statements": 25, "percent_covered": 100.0, "percent_covered_display": "100", "missing_lines": 0, "excluded_lines": 0, "percent_statements_covered": 100.0, "percent_statements_covered_display": "100"}, "missing_lines": [], "excluded_lines": []}, "test_extend_booking_not_found_error": {"executed_lines": [312, 318, 319, 320, 322, 323, 324, 325, 326], "summary": {"covered_lines": 9, "num_statements": 9, "percent_covered": 100.0, "percent_covered_display": "100", "missing_lines": 0, "excluded_lines": 0, "percent_statements_covered": 100.0, "percent_statements_covered_display": "100"}, "missing_lines": [], "excluded_lines": []}, "": {"executed_lines": [1, 2, 4, 7, 8, 25, 26, 46, 47, 79, 80, 115, 116, 153, 154, 193, 194, 251, 252, 309, 310], "summary": {"covered_lines": 21, "num_statements": 21, "percent_covered": 100.0, "percent_covered_display": "100", "missing_lines": 0, "excluded_lines": 0, "percent_statements_covered": 100.0, "percent_statements_covered_display": "100"}, "missing_lines": [], "excluded_lines": []}}, "classes": {"": {"executed_lines": [1, 2, 4, 7, 8, 11, 12, 13, 14, 17, 18, 19, 20, 21, 22, 25, 26, 29, 30, 31, 33, 34, 35, 36, 39, 40, 41, 42, 43, 46, 47, 50, 51, 52, 54, 55, 56, 58, 59, 60, 62, 68, 69, 72, 73, 74, 75, 76, 79, 80, 83, 84, 85, 86, 87, 88, 89, 91, 92, 93, 99, 100, 103, 108, 109, 110, 111, 112, 115, 116, 119, 120, 121, 123, 124, 125, 127, 128, 129, 135, 136, 138, 139, 140, 143, 148, 149, 150, 153, 154, 157, 158, 159, 161, 162, 163, 166, 167, 168, 169, 175, 176, 178, 179, 181, 184, 188, 189, 190, 193, 194, 197, 198, 199, 201, 202, 203, 206, 207, 208, 214, 216, 217, 218, 224, 225, 227, 236, 237, 240, 245, 246, 247, 248, 251, 252, 254, 257, 258, 259, 261, 262, 263, 266, 267, 268, 274, 275, 277, 286, 287, 290, 297, 298, 299, 301, 302, 303, 304, 305, 306, 309, 310, 312, 318, 319, 320, 322, 323, 324, 325, 326], "summary": {"covered_lines": 171, "num_statements": 171, "percent_covered": 100.0, "percent_covered_display": "100", "missing_lines": 0, "excluded_lines": 0, "percent_statements_covered": 100.0, "percent_statements_covered_display": "100"}, "missing_lines": [], "excluded_lines": []}}}, "tests/test_zone_closure.py": {"executed_lines": [1, 4, 5, 7, 8, 11, 12, 17, 18, 19, 21, 22, 23, 25, 26, 32, 33, 36, 45, 46, 49, 50, 56, 59, 60, 61, 62, 65, 66, 67, 68, 71, 72, 77, 78, 85, 86, 89, 92, 93, 94, 95, 98, 99, 104, 105, 112, 113, 116, 119, 120, 121, 122, 125, 126, 131, 132, 139, 140, 143, 144, 145, 148, 149, 150, 151, 152, 155, 156, 161, 162, 163, 165, 166, 167, 170, 171, 177, 178, 181, 190, 191, 194, 203, 204, 205, 206, 209, 210, 211, 214, 215, 218, 219, 223, 226, 227, 228, 230, 231, 232, 235, 236, 242, 243, 246, 255, 256, 259, 260, 269, 1971, 1981, 1983, 1990], "summary": {"covered_lines": 110, "num_statements": 110, "percent_covered": 100.0, "percent_covered_display": "100", "missing_lines": 0, "excluded_lines": 0, "percent_statements_covered": 100.0, "percent_statements_covered_display": "100"}, "missing_lines": [], "excluded_lines": [], "functions": {"test_close_zone_adds_cancellation_reason": {"executed_lines": [17, 18, 19, 21, 22, 23, 25, 26, 32, 33, 36, 45, 46, 49, 50, 56, 59, 60, 61, 62, 65, 66, 67, 68], "summary": {"covered_lines": 24, "num_statements": 24, "percent_covered": 100.0, "percent_covered_display": "100", "missing_lines": 0, "excluded_lines": 0, "percent_statements_covered": 100.0, "percent_statements_covered_display": "100"}, "missing_lines": [], "excluded_lines": []}, "test_zone_auto_reactivation": {"executed_lines": [77, 78, 85, 86, 89, 92, 93, 94, 95], "summary": {"covered_lines": 9, "num_statements": 9, "percent_covered": 100.0, "percent_covered_display": "100", "missing_lines": 0, "excluded_lines": 0, "percent_statements_covered": 100.0, "percent_statements_covered_display": "100"}, "missing_lines": [], "excluded_lines": []}, "test_zone_not_reactivated_if_still_closed": {"executed_lines": [104, 105, 112, 113, 116, 119, 120, 121, 122], "summary": {"covered_lines": 9, "num_statements": 9, "percent_covered": 100.0, "percent_covered_display": "100", "missing_lines": 0, "excluded_lines": 0, "percent_statements_covered": 100.0, "percent_statements_covered_display": "100"}, "missing_lines": [], "excluded_lines": []}, "test_get_zones_include_inactive": {"executed_lines": [131, 132, 139, 140, 143, 144, 145, 148, 149, 150, 151, 152], "summary": {"covered_lines": 12, "num_statements": 12, "percent_covered": 100.0, "percent_covered_display": "100", "missing_lines": 0, "excluded_lines": 0, "percent_statements_covered": 100.0, "percent_statements_covered_display": "100"}, "missing_lines": [], "excluded_lines": []}, "test_extend_booking_with_custom_time": {"executed_lines": [161, 162, 163, 165, 166, 167, 170, 171, 177, 178, 181, 190, 191, 194, 203, 204, 205, 206, 209, 210, 211, 214, 215], "summary": {"covered_lines": 23, "num_statements": 23, "percent_covered": 100.0, "percent_covered_display": "100", "missing_lines": 0, "excluded_lines": 0, "percent_statements_covered": 100.0, "percent_statements_covered_display": "100"}, "missing_lines": [], "excluded_lines": []}, "test_extend_booking_respects_max_hours": {"executed_lines": [223, 226, 227, 228, 230, 231, 232, 235, 236, 242, 243, 246, 255, 256, 259, 260, 269], "summary": {"covered_lines": 17, "num_statements": 17, "percent_covered": 100.0, "percent_covered_display": "100", "missing_lines": 0, "excluded_lines": 0, "percent_statements_covered": 100.0, "percent_statements_covered_display": "100"}, "missing_lines": [], "excluded_lines": []}, "": {"executed_lines": [1, 4, 5, 7, 8, 11, 12, 71, 72, 98, 99, 125, 126, 155, 156, 218, 219], "summary": {"covered_lines": 16, "num_statements": 16, "percent_covered": 100.0, "percent_covered_display": "100", "missing_lines": 0, "excluded_lines": 0, "percent_statements_covered": 100.0, "percent_statements_covered_display": "100"}, "missing_lines": [], "excluded_lines": []}}, "classes": {"": {"executed_lines": [1, 4, 5, 7, 8, 11, 12, 17, 18, 19, 21, 22, 23, 25, 26, 32, 33, 36, 45, 46, 49, 50, 56, 59, 60, 61, 62, 65, 66, 67, 68, 71, 72, 77, 78, 85, 86, 89, 92, 93, 94, 95, 98, 99, 104, 105, 112, 113, 116, 119, 120, 121, 122, 125, 126, 131, 132, 139, 140, 143, 144, 145, 148, 149, 150, 151, 152, 155, 156, 161, 162, 163, 165, 166, 167, 170, 171, 177, 178, 181, 190, 191, 194, 203, 204, 205, 206, 209, 210, 211, 214, 215, 218, 219, 223, 226, 227, 228, 230, 231, 232, 235, 236, 242, 243, 246, 255, 256, 259, 260, 269], "summary": {"covered_lines": 110, "num_statements": 110, "percent_covered": 100.0, "percent_covered_display": "100", "missing_lines": 0, "excluded_lines": 0, "percent_statements_covered": 100.0, "percent_statements_covered_display": "100"}, "missing_lines": [], "excluded_lines": []}}}, "tests/test_zone_statistics.py": {"executed_lines": [1, 4, 5, 7, 8, 11, 12, 17, 18, 19, 21, 22, 23, 25, 29, 35, 36, 38, 47, 50, 56, 57, 59, 68, 71, 77, 78, 80, 89, 90, 93, 96, 97, 99, 100, 101, 103, 104, 106, 109, 110, 115, 116, 118, 119, 126, 127, 130, 133, 136, 138, 139, 140, 141, 142, 143, 146, 147, 152, 153, 154, 156, 157, 158, 159, 161, 164, 170, 176, 177, 180, 189, 198, 199, 202, 205, 206, 207, 208, 211, 212, 217, 218, 219, 221, 222, 223, 225, 228, 234, 235, 238, 247, 248, 251, 254, 255, 256, 257, 258, 992, 1015, 1033, 1034, 1040, 1041, 1042, 1043, 1044, 1045, 1971, 1981, 1983, 1990], "summary": {"covered_lines": 99, "num_statements": 99, "percent_covered": 100.0, "percent_covered_display": "100", "missing_lines": 0, "excluded_lines": 0, "percent_statements_covered": 100.0, "percent_statements_covered_display": "100"}, "missing_lines": [], "excluded_lines": [], "functions": {"test_zone_statistics_current_occupancy": {"executed_lines": [17, 18, 19, 21, 22, 23, 25, 29, 35, 36, 38, 47, 50, 56, 57, 59, 68, 71, 77, 78, 80, 89, 90, 93, 96, 97, 99, 100, 101, 103, 104, 106], "summary": {"covered_lines": 32, "num_statements": 32, "percent_covered": 100.0, "percent_covered_display": "100", "missing_lines": 0, "excluded_lines": 0, "percent_statements_covered": 100.0, "percent_statements_covered_display": "100"}, "missing_lines": [], "excluded_lines": []}, "test_zone_statistics_with_closed_zone": {"executed_lines": [115, 116, 118, 119, 126, 127, 130, 133, 136, 138, 139, 140, 141, 142, 143], "summary": {"covered_lines": 15, "num_statements": 15, "percent_covered": 100.0, "percent_covered_display": "100", "missing_lines": 0, "excluded_lines": 0, "percent_statements_covered": 100.0, "percent_statements_covered_display": "100"}, "missing_lines": [], "excluded_lines": []}, "test_zone_statistics_multiple_users_now": {"executed_lines": [152, 153, 154, 156, 157, 158, 159, 161, 164, 170, 176, 177, 180, 189, 198, 199, 202, 205, 206, 207, 208], "summary": {"covered_lines": 21, "num_statements": 21, "percent_covered": 100.0, "percent_covered_display": "100", "missing_lines": 0, "excluded_lines": 0, "percent_statements_covered": 100.0, "percent_statements_covered_display": "100"}, "missing_lines": [], "excluded_lines": []}, "test_zone_statistics_excludes_cancelled": {"executed_lines": [217, 218, 219, 221, 222, 223, 225, 228, 234, 235, 238, 247, 248, 251, 254, 255, 256, 257, 258], "summary": {"covered_lines": 19, "num_statements": 19, "percent_covered": 100.0, "percent_covered_display": "100", "missing_lines": 0, "excluded_lines": 0, "percent_statements_covered": 100.0, "percent_statements_covered_display": "100"}, "missing_lines": [], "excluded_lines": []}, "": {"executed_lines": [1, 4, 5, 7, 8, 11, 12, 109, 110, 146, 147, 211, 212], "summary": {"covered_lines": 12, "num_statements": 12, "percent_covered": 100.0, "percent_covered_display": "100", "missing_lines": 0, "excluded_lines": 0, "percent_statements_covered": 100.0, "percent_statements_covered_display": "100"}, "missing_lines": [], "excluded_lines": []}}, "classes": {"": {"executed_lines": [1, 4, 5, 7, 8, 11, 12, 17, 18, 19, 21, 22, 23, 25, 29, 35, 36, 38, 47, 50, 56, 57, 59, 68, 71, 77, 78, 80, 89, 90, 93, 96, 97, 99, 100, 101, 103, 104, 106, 109, 110, 115, 116, 118, 119, 126, 127, 130, 133, 136, 138, 139, 140, 141, 142, 143, 146, 147, 152, 153, 154, 156, 157, 158, 159, 161, 164, 170, 176, 177, 180, 189, 198, 199, 202, 205, 206, 207, 208, 211, 212, 217, 218, 219, 221, 222, 223, 225, 228, 234, 235, 238, 247, 248, 251, 254, 255, 256, 257, 258], "summary": {"covered_lines": 99, "num_statements": 99, "percent_covered": 100.0, "percent_covered_display": "100", "missing_lines": 0, "excluded_lines": 0, "percent_statements_covered": 100.0, "percent_statements_covered_display": "100"}, "missing_lines": [], "excluded_lines": []}}}, "timezone_utils.py": {"executed_lines": [1, 6, 7, 10, 13, 20, 23, 31, 34, 44, 46, 47, 50, 61, 64, 65, 68, 78, 80, 81], "summary": {"covered_lines": 19, "num_statements": 19, "percent_covered": 100.0, "percent_covered_display": "100", "missing_lines": 0, "excluded_lines": 0, "percent_statements_covered": 100.0, "percent_statements_covered_display": "100"}, "missing_lines": [], "excluded_lines": [], "functions": {"now_msk": {"executed_lines": [20], "summary": {"covered_lines": 1, "num_statements": 1, "percent_covered": 100.0, "percent_covered_display": "100", "missing_lines": 0, "excluded_lines": 0, "percent_statements_covered": 100.0, "percent_statements_covered_display": "100"}, "missing_lines": [], "excluded_lines": []}, "now_utc": {"executed_lines": [31], "summary": {"covered_lines": 1, "num_statements": 1, "percent_covered": 100.0, "percent_covered_display": "100", "missing_lines": 0, "excluded_lines": 0, "percent_statements_covered": 100.0, "percent_statements_covered_display": "100"}, "missing_lines": [], "excluded_lines": []}, "to_msk": {"executed_lines": [44, 46, 47], "summary": {"covered_lines": 3, "num_statements": 3, "percent_covered": 100.0, "percent_covered_display": "100", "missing_lines": 0, "excluded_lines": 0, "percent_statements_covered": 100.0, "percent_statements_covered_display": "100"}, "missing_lines": [], "excluded_lines": []}, "msk_to_utc": {"executed_lines": [61, 64, 65], "summary": {"covered_lines": 3, "num_statements": 3, "percent_covered": 100.0, "percent_covered_display": "100", "missing_lines": 0, "excluded_lines": 0, "percent_statements_covered": 100.0, "percent_statements_covered_display": "100"}, "missing_lines": [], "excluded_lines": []}, "utc_to_msk": {"executed_lines": [78, 80, 81], "summary": {"covered_lines": 3, "num_statements": 3, "percent_covered": 100.0, "percent_covered_display": "100", "missing_lines": 0, "excluded_lines": 0, "percent_statements_covered": 100.0, "percent_statements_covered_display": "100"}, "missing_lines": [], "excluded_lines": []}, "": {"executed_lines": [1, 6, 7, 10, 13, 23, 34, 50, 68], "summary": {"covered_lines": 8, "num_statements": 8, "percent_covered": 100.0, "percent_covered_display": "100", "missing_lines": 0, "excluded_lines": 0, "percent_statements_covered": 100.0, "percent_statements_covered_display": "100"}, "missing_lines": [], "excluded_lines": []}}, "classes": {"": {"executed_lines": [1, 6, 7, 10, 13, 20, 23, 31, 34, 44, 46, 47, 50, 61, 64, 65, 68, 78, 80, 81], "summary": {"covered_lines": 19, "num_statements": 19, "percent_covered": 100.0, "percent_covered_display": "100", "missing_lines": 0, "excluded_lines": 0, "percent_statements_covered": 100.0, "percent_statements_covered_display": "100"}, "missing_lines": [], "excluded_lines": []}}}}, "totals": {"covered_lines": 2029, "num_statements": 2135, "percent_covered": 95.03512880562062, "percent_covered_display": "95", "missing_lines": 106, "excluded_lines": 0, "percent_statements_covered": 95.03512880562062, "percent_statements_covered_display": "95"}}